 INFO global: Vagrant version: 1.9.1
 INFO global: Ruby version: 2.2.5
 INFO global: RubyGems version: 2.4.5.1
 INFO global: VAGRANT_EXECUTABLE="D:\\HashiCorp\\Vagrant\\embedded\\gems\\gems\\vagrant-1.9.1\\bin\\vagrant"
 INFO global: VAGRANT_INSTALLER_EMBEDDED_DIR="D:\\HashiCorp\\Vagrant\\embedded"
 INFO global: VAGRANT_INSTALLER_ENV="1"
 INFO global: VAGRANT_INSTALLER_VERSION="2"
 INFO global: VAGRANT_LOG="debug"
 INFO global: VAGRANT_OLD_ENV_="ExitCode=00000000"
 INFO global: VAGRANT_OLD_ENV_#envTSLOGsss1484="18693920"
 INFO global: VAGRANT_OLD_ENV_ALLUSERSPROFILE="C:\\ProgramData"
 INFO global: VAGRANT_OLD_ENV_APPDATA="C:\\Users\\JohnnyWei\\AppData\\Roaming"
 INFO global: VAGRANT_OLD_ENV_CommonProgramFiles="C:\\Program Files (x86)\\Common Files"
 INFO global: VAGRANT_OLD_ENV_CommonProgramFiles(x86)="C:\\Program Files (x86)\\Common Files"
 INFO global: VAGRANT_OLD_ENV_CommonProgramW6432="C:\\Program Files\\Common Files"
 INFO global: VAGRANT_OLD_ENV_COMPUTERNAME="JOHNNGWEI-PC"
 INFO global: VAGRANT_OLD_ENV_ComSpec="C:\\windows\\system32\\cmd.exe"
 INFO global: VAGRANT_OLD_ENV_FPS_BROWSER_APP_PROFILE_STRING="Internet Explorer"
 INFO global: VAGRANT_OLD_ENV_FPS_BROWSER_USER_PROFILE_STRING="Default"
 INFO global: VAGRANT_OLD_ENV_HOMEDRIVE="C:"
 INFO global: VAGRANT_OLD_ENV_HOMEPATH="\\Users\\JohnnyWei"
 INFO global: VAGRANT_OLD_ENV_LOCALAPPDATA="C:\\Users\\JohnnyWei\\AppData\\Local"
 INFO global: VAGRANT_OLD_ENV_LOGONSERVER="\\\\JOHNNGWEI-PC"
 INFO global: VAGRANT_OLD_ENV_MOZ_PLUGIN_PATH="D:\\Program Files (x86)\\Foxit Software\\Foxit Reader Plus\\plugins\\"
 INFO global: VAGRANT_OLD_ENV_NUMBER_OF_PROCESSORS="4"
 INFO global: VAGRANT_OLD_ENV_OneDrive="C:\\Users\\123\\OneDrive"
 INFO global: VAGRANT_OLD_ENV_OS="Windows_NT"
 INFO global: VAGRANT_OLD_ENV_Path="C:\\ProgramData\\Oracle\\Java\\javapath;C:\\windows\\system32;C:\\windows;C:\\windows\\System32\\Wbem;C:\\windows\\System32\\WindowsPowerShell\\v1.0\\;D:\\Program Files\\TortoiseSVN\\bin;D:\\HashiCorp\\Vagrant\\bin"
 INFO global: VAGRANT_OLD_ENV_PATHEXT=".COM;.EXE;.BAT;.CMD;.VBS;.VBE;.JS;.JSE;.WSF;.WSH;.MSC"
 INFO global: VAGRANT_OLD_ENV_PROCESSOR_ARCHITECTURE="x86"
 INFO global: VAGRANT_OLD_ENV_PROCESSOR_ARCHITEW6432="AMD64"
 INFO global: VAGRANT_OLD_ENV_PROCESSOR_IDENTIFIER="Intel64 Family 6 Model 60 Stepping 3, GenuineIntel"
 INFO global: VAGRANT_OLD_ENV_PROCESSOR_LEVEL="6"
 INFO global: VAGRANT_OLD_ENV_PROCESSOR_REVISION="3c03"
 INFO global: VAGRANT_OLD_ENV_ProgramData="C:\\ProgramData"
 INFO global: VAGRANT_OLD_ENV_ProgramFiles="C:\\Program Files (x86)"
 INFO global: VAGRANT_OLD_ENV_ProgramFiles(x86)="C:\\Program Files (x86)"
 INFO global: VAGRANT_OLD_ENV_ProgramW6432="C:\\Program Files"
 INFO global: VAGRANT_OLD_ENV_PROMPT="$P$G"
 INFO global: VAGRANT_OLD_ENV_PSModulePath="C:\\windows\\system32\\WindowsPowerShell\\v1.0\\Modules\\"
 INFO global: VAGRANT_OLD_ENV_PUBLIC="C:\\Users\\Public"
 INFO global: VAGRANT_OLD_ENV_SESSIONNAME="Console"
 INFO global: VAGRANT_OLD_ENV_SystemDrive="C:"
 INFO global: VAGRANT_OLD_ENV_SystemRoot="C:\\windows"
 INFO global: VAGRANT_OLD_ENV_TEMP="C:\\Users\\JohnnyWei\\AppData\\Local\\Temp"
 INFO global: VAGRANT_OLD_ENV_TMP="C:\\Users\\JohnnyWei\\AppData\\Local\\Temp"
 INFO global: VAGRANT_OLD_ENV_USERDOMAIN="JOHNNGWEI-PC"
 INFO global: VAGRANT_OLD_ENV_USERDOMAIN_ROAMINGPROFILE="JOHNNGWEI-PC"
 INFO global: VAGRANT_OLD_ENV_USERNAME="123"
 INFO global: VAGRANT_OLD_ENV_USERPROFILE="C:\\Users\\JohnnyWei"
 INFO global: VAGRANT_OLD_ENV_VBOX_MSI_INSTALL_PATH="D:\\Program Files\\Oracle\\VirtualBox\\"
 INFO global: VAGRANT_OLD_ENV_windir="C:\\windows"
 INFO global: Plugins:
 INFO global:   - vagrant-share = [installed: undefined constraint: > 0]
DEBUG bundler: Current generated plugin dependency list: [<Gem::Dependency type=:runtime name="vagrant-share" requirements="> 0">]
DEBUG bundler: Generating new builtin set instance.
DEBUG bundler: Generating new plugin set instance. Skip gems - []
DEBUG bundler: Activating solution set: ["vagrant-share-1.1.6", "rest-client-2.0.0", "ffi-1.9.14", "netrc-0.11.0", "mime-types-3.1", "http-cookie-1.0.3", "mime-types-data-3.2016.0521", "domain_name-0.5.20161129", "unf-0.1.4", "unf_ext-0.0.7.2"]
DEBUG bundler: Activating gem vagrant-share-1.1.6
DEBUG global: Loading core plugin: D:/HashiCorp/Vagrant/embedded/gems/gems/vagrant-1.9.1/plugins/commands/box/plugin.rb
 INFO manager: Registered plugin: box command
DEBUG global: Loading core plugin: D:/HashiCorp/Vagrant/embedded/gems/gems/vagrant-1.9.1/plugins/commands/cap/plugin.rb
 INFO manager: Registered plugin: cap command
DEBUG global: Loading core plugin: D:/HashiCorp/Vagrant/embedded/gems/gems/vagrant-1.9.1/plugins/commands/destroy/plugin.rb
 INFO manager: Registered plugin: destroy command
DEBUG global: Loading core plugin: D:/HashiCorp/Vagrant/embedded/gems/gems/vagrant-1.9.1/plugins/commands/global-status/plugin.rb
 INFO manager: Registered plugin: global-status command
DEBUG global: Loading core plugin: D:/HashiCorp/Vagrant/embedded/gems/gems/vagrant-1.9.1/plugins/commands/halt/plugin.rb
 INFO manager: Registered plugin: halt command
DEBUG global: Loading core plugin: D:/HashiCorp/Vagrant/embedded/gems/gems/vagrant-1.9.1/plugins/commands/help/plugin.rb
 INFO manager: Registered plugin: help command
DEBUG global: Loading core plugin: D:/HashiCorp/Vagrant/embedded/gems/gems/vagrant-1.9.1/plugins/commands/init/plugin.rb
 INFO manager: Registered plugin: init command
DEBUG global: Loading core plugin: D:/HashiCorp/Vagrant/embedded/gems/gems/vagrant-1.9.1/plugins/commands/list-commands/plugin.rb
 INFO manager: Registered plugin: list-commands command
DEBUG global: Loading core plugin: D:/HashiCorp/Vagrant/embedded/gems/gems/vagrant-1.9.1/plugins/commands/login/plugin.rb
 INFO manager: Registered plugin: vagrant-login
DEBUG global: Loading core plugin: D:/HashiCorp/Vagrant/embedded/gems/gems/vagrant-1.9.1/plugins/commands/package/plugin.rb
 INFO manager: Registered plugin: package command
DEBUG global: Loading core plugin: D:/HashiCorp/Vagrant/embedded/gems/gems/vagrant-1.9.1/plugins/commands/plugin/plugin.rb
 INFO manager: Registered plugin: plugin command
DEBUG global: Loading core plugin: D:/HashiCorp/Vagrant/embedded/gems/gems/vagrant-1.9.1/plugins/commands/port/plugin.rb
 INFO manager: Registered plugin: port command
DEBUG global: Loading core plugin: D:/HashiCorp/Vagrant/embedded/gems/gems/vagrant-1.9.1/plugins/commands/powershell/plugin.rb
 INFO manager: Registered plugin: powershell command
DEBUG global: Loading core plugin: D:/HashiCorp/Vagrant/embedded/gems/gems/vagrant-1.9.1/plugins/commands/provider/plugin.rb
 INFO manager: Registered plugin: provider command
DEBUG global: Loading core plugin: D:/HashiCorp/Vagrant/embedded/gems/gems/vagrant-1.9.1/plugins/commands/provision/plugin.rb
 INFO manager: Registered plugin: provision command
DEBUG global: Loading core plugin: D:/HashiCorp/Vagrant/embedded/gems/gems/vagrant-1.9.1/plugins/commands/push/plugin.rb
 INFO manager: Registered plugin: push command
DEBUG global: Loading core plugin: D:/HashiCorp/Vagrant/embedded/gems/gems/vagrant-1.9.1/plugins/commands/rdp/plugin.rb
 INFO manager: Registered plugin: rdp command
DEBUG global: Loading core plugin: D:/HashiCorp/Vagrant/embedded/gems/gems/vagrant-1.9.1/plugins/commands/reload/plugin.rb
 INFO manager: Registered plugin: reload command
DEBUG global: Loading core plugin: D:/HashiCorp/Vagrant/embedded/gems/gems/vagrant-1.9.1/plugins/commands/resume/plugin.rb
 INFO manager: Registered plugin: resume command
DEBUG global: Loading core plugin: D:/HashiCorp/Vagrant/embedded/gems/gems/vagrant-1.9.1/plugins/commands/snapshot/plugin.rb
 INFO manager: Registered plugin: snapshot command
DEBUG global: Loading core plugin: D:/HashiCorp/Vagrant/embedded/gems/gems/vagrant-1.9.1/plugins/commands/ssh/plugin.rb
 INFO manager: Registered plugin: ssh command
DEBUG global: Loading core plugin: D:/HashiCorp/Vagrant/embedded/gems/gems/vagrant-1.9.1/plugins/commands/ssh_config/plugin.rb
 INFO manager: Registered plugin: ssh-config command
DEBUG global: Loading core plugin: D:/HashiCorp/Vagrant/embedded/gems/gems/vagrant-1.9.1/plugins/commands/status/plugin.rb
 INFO manager: Registered plugin: status command
DEBUG global: Loading core plugin: D:/HashiCorp/Vagrant/embedded/gems/gems/vagrant-1.9.1/plugins/commands/suspend/plugin.rb
 INFO manager: Registered plugin: suspend command
DEBUG global: Loading core plugin: D:/HashiCorp/Vagrant/embedded/gems/gems/vagrant-1.9.1/plugins/commands/up/plugin.rb
 INFO manager: Registered plugin: up command
DEBUG global: Loading core plugin: D:/HashiCorp/Vagrant/embedded/gems/gems/vagrant-1.9.1/plugins/commands/version/plugin.rb
 INFO manager: Registered plugin: version command
DEBUG global: Loading core plugin: D:/HashiCorp/Vagrant/embedded/gems/gems/vagrant-1.9.1/plugins/communicators/ssh/plugin.rb
 INFO manager: Registered plugin: ssh communicator
DEBUG global: Loading core plugin: D:/HashiCorp/Vagrant/embedded/gems/gems/vagrant-1.9.1/plugins/communicators/winrm/plugin.rb
 INFO manager: Registered plugin: winrm communicator
DEBUG global: Loading core plugin: D:/HashiCorp/Vagrant/embedded/gems/gems/vagrant-1.9.1/plugins/guests/amazon/plugin.rb
 INFO manager: Registered plugin: Amazon Linux guest
DEBUG global: Loading core plugin: D:/HashiCorp/Vagrant/embedded/gems/gems/vagrant-1.9.1/plugins/guests/arch/plugin.rb
 INFO manager: Registered plugin: Arch guest
DEBUG global: Loading core plugin: D:/HashiCorp/Vagrant/embedded/gems/gems/vagrant-1.9.1/plugins/guests/atomic/plugin.rb
 INFO manager: Registered plugin: Atomic Host guest
DEBUG global: Loading core plugin: D:/HashiCorp/Vagrant/embedded/gems/gems/vagrant-1.9.1/plugins/guests/bsd/plugin.rb
 INFO manager: Registered plugin: BSD-based guest
DEBUG global: Loading core plugin: D:/HashiCorp/Vagrant/embedded/gems/gems/vagrant-1.9.1/plugins/guests/coreos/plugin.rb
 INFO manager: Registered plugin: CoreOS guest
DEBUG global: Loading core plugin: D:/HashiCorp/Vagrant/embedded/gems/gems/vagrant-1.9.1/plugins/guests/darwin/plugin.rb
 INFO manager: Registered plugin: Darwin guest
DEBUG global: Loading core plugin: D:/HashiCorp/Vagrant/embedded/gems/gems/vagrant-1.9.1/plugins/guests/debian/plugin.rb
 INFO manager: Registered plugin: Debian guest
DEBUG global: Loading core plugin: D:/HashiCorp/Vagrant/embedded/gems/gems/vagrant-1.9.1/plugins/guests/dragonflybsd/plugin.rb
 INFO manager: Registered plugin: DragonFly BSD guest
DEBUG global: Loading core plugin: D:/HashiCorp/Vagrant/embedded/gems/gems/vagrant-1.9.1/plugins/guests/esxi/plugin.rb
 INFO manager: Registered plugin: ESXi guest.
DEBUG global: Loading core plugin: D:/HashiCorp/Vagrant/embedded/gems/gems/vagrant-1.9.1/plugins/guests/fedora/plugin.rb
 INFO manager: Registered plugin: Fedora guest
DEBUG global: Loading core plugin: D:/HashiCorp/Vagrant/embedded/gems/gems/vagrant-1.9.1/plugins/guests/freebsd/plugin.rb
 INFO manager: Registered plugin: FreeBSD guest
DEBUG global: Loading core plugin: D:/HashiCorp/Vagrant/embedded/gems/gems/vagrant-1.9.1/plugins/guests/funtoo/plugin.rb
 INFO manager: Registered plugin: Funtoo guest
DEBUG global: Loading core plugin: D:/HashiCorp/Vagrant/embedded/gems/gems/vagrant-1.9.1/plugins/guests/gentoo/plugin.rb
 INFO manager: Registered plugin: Gentoo guest
DEBUG global: Loading core plugin: D:/HashiCorp/Vagrant/embedded/gems/gems/vagrant-1.9.1/plugins/guests/linux/plugin.rb
 INFO manager: Registered plugin: Linux guest.
DEBUG global: Loading core plugin: D:/HashiCorp/Vagrant/embedded/gems/gems/vagrant-1.9.1/plugins/guests/mint/plugin.rb
 INFO manager: Registered plugin: Mint guest
DEBUG global: Loading core plugin: D:/HashiCorp/Vagrant/embedded/gems/gems/vagrant-1.9.1/plugins/guests/netbsd/plugin.rb
 INFO manager: Registered plugin: NetBSD guest
DEBUG global: Loading core plugin: D:/HashiCorp/Vagrant/embedded/gems/gems/vagrant-1.9.1/plugins/guests/nixos/plugin.rb
 INFO manager: Registered plugin: NixOS guest
DEBUG global: Loading core plugin: D:/HashiCorp/Vagrant/embedded/gems/gems/vagrant-1.9.1/plugins/guests/omnios/plugin.rb
 INFO manager: Registered plugin: OmniOS guest.
DEBUG global: Loading core plugin: D:/HashiCorp/Vagrant/embedded/gems/gems/vagrant-1.9.1/plugins/guests/openbsd/plugin.rb
 INFO manager: Registered plugin: OpenBSD guest
DEBUG global: Loading core plugin: D:/HashiCorp/Vagrant/embedded/gems/gems/vagrant-1.9.1/plugins/guests/photon/plugin.rb
 INFO manager: Registered plugin: VMware Photon guest
DEBUG global: Loading core plugin: D:/HashiCorp/Vagrant/embedded/gems/gems/vagrant-1.9.1/plugins/guests/pld/plugin.rb
 INFO manager: Registered plugin: PLD Linux guest
DEBUG global: Loading core plugin: D:/HashiCorp/Vagrant/embedded/gems/gems/vagrant-1.9.1/plugins/guests/redhat/plugin.rb
 INFO manager: Registered plugin: Red Hat Enterprise Linux guest
DEBUG global: Loading core plugin: D:/HashiCorp/Vagrant/embedded/gems/gems/vagrant-1.9.1/plugins/guests/slackware/plugin.rb
 INFO manager: Registered plugin: Slackware guest
DEBUG global: Loading core plugin: D:/HashiCorp/Vagrant/embedded/gems/gems/vagrant-1.9.1/plugins/guests/smartos/plugin.rb
 INFO manager: Registered plugin: SmartOS guest.
DEBUG global: Loading core plugin: D:/HashiCorp/Vagrant/embedded/gems/gems/vagrant-1.9.1/plugins/guests/solaris/plugin.rb
 INFO manager: Registered plugin: Solaris guest.
DEBUG global: Loading core plugin: D:/HashiCorp/Vagrant/embedded/gems/gems/vagrant-1.9.1/plugins/guests/solaris11/plugin.rb
 INFO manager: Registered plugin: Solaris 11 guest.
DEBUG global: Loading core plugin: D:/HashiCorp/Vagrant/embedded/gems/gems/vagrant-1.9.1/plugins/guests/suse/plugin.rb
 INFO manager: Registered plugin: SUSE guest
DEBUG global: Loading core plugin: D:/HashiCorp/Vagrant/embedded/gems/gems/vagrant-1.9.1/plugins/guests/tinycore/plugin.rb
 INFO manager: Registered plugin: TinyCore Linux guest.
DEBUG global: Loading core plugin: D:/HashiCorp/Vagrant/embedded/gems/gems/vagrant-1.9.1/plugins/guests/trisquel/plugin.rb
 INFO manager: Registered plugin: Trisquel guest
DEBUG global: Loading core plugin: D:/HashiCorp/Vagrant/embedded/gems/gems/vagrant-1.9.1/plugins/guests/ubuntu/plugin.rb
 INFO manager: Registered plugin: Ubuntu guest
DEBUG global: Loading core plugin: D:/HashiCorp/Vagrant/embedded/gems/gems/vagrant-1.9.1/plugins/guests/windows/plugin.rb
 INFO manager: Registered plugin: Windows guest.
DEBUG global: Loading core plugin: D:/HashiCorp/Vagrant/embedded/gems/gems/vagrant-1.9.1/plugins/hosts/arch/plugin.rb
 INFO manager: Registered plugin: Arch host
DEBUG global: Loading core plugin: D:/HashiCorp/Vagrant/embedded/gems/gems/vagrant-1.9.1/plugins/hosts/bsd/plugin.rb
 INFO manager: Registered plugin: BSD host
DEBUG global: Loading core plugin: D:/HashiCorp/Vagrant/embedded/gems/gems/vagrant-1.9.1/plugins/hosts/darwin/plugin.rb
 INFO manager: Registered plugin: Mac OS X host
DEBUG global: Loading core plugin: D:/HashiCorp/Vagrant/embedded/gems/gems/vagrant-1.9.1/plugins/hosts/freebsd/plugin.rb
 INFO manager: Registered plugin: FreeBSD host
DEBUG global: Loading core plugin: D:/HashiCorp/Vagrant/embedded/gems/gems/vagrant-1.9.1/plugins/hosts/gentoo/plugin.rb
 INFO manager: Registered plugin: Gentoo host
DEBUG global: Loading core plugin: D:/HashiCorp/Vagrant/embedded/gems/gems/vagrant-1.9.1/plugins/hosts/linux/plugin.rb
 INFO manager: Registered plugin: Linux host
DEBUG global: Loading core plugin: D:/HashiCorp/Vagrant/embedded/gems/gems/vagrant-1.9.1/plugins/hosts/null/plugin.rb
 INFO manager: Registered plugin: null host
DEBUG global: Loading core plugin: D:/HashiCorp/Vagrant/embedded/gems/gems/vagrant-1.9.1/plugins/hosts/redhat/plugin.rb
 INFO manager: Registered plugin: Red Hat Enterprise Linux host
DEBUG global: Loading core plugin: D:/HashiCorp/Vagrant/embedded/gems/gems/vagrant-1.9.1/plugins/hosts/slackware/plugin.rb
 INFO manager: Registered plugin: Slackware host
DEBUG global: Loading core plugin: D:/HashiCorp/Vagrant/embedded/gems/gems/vagrant-1.9.1/plugins/hosts/suse/plugin.rb
 INFO manager: Registered plugin: SUSE host
DEBUG global: Loading core plugin: D:/HashiCorp/Vagrant/embedded/gems/gems/vagrant-1.9.1/plugins/hosts/windows/plugin.rb
 INFO manager: Registered plugin: Windows host
DEBUG global: Loading core plugin: D:/HashiCorp/Vagrant/embedded/gems/gems/vagrant-1.9.1/plugins/kernel_v1/plugin.rb
 INFO manager: Registered plugin: kernel
DEBUG global: Loading core plugin: D:/HashiCorp/Vagrant/embedded/gems/gems/vagrant-1.9.1/plugins/kernel_v2/plugin.rb
 INFO manager: Registered plugin: kernel
DEBUG global: Loading core plugin: D:/HashiCorp/Vagrant/embedded/gems/gems/vagrant-1.9.1/plugins/providers/docker/plugin.rb
 INFO manager: Registered plugin: docker-provider
DEBUG global: Loading core plugin: D:/HashiCorp/Vagrant/embedded/gems/gems/vagrant-1.9.1/plugins/providers/hyperv/plugin.rb
 INFO manager: Registered plugin: Hyper-V provider
DEBUG global: Loading core plugin: D:/HashiCorp/Vagrant/embedded/gems/gems/vagrant-1.9.1/plugins/providers/virtualbox/plugin.rb
 INFO manager: Registered plugin: VirtualBox provider
DEBUG global: Loading core plugin: D:/HashiCorp/Vagrant/embedded/gems/gems/vagrant-1.9.1/plugins/provisioners/ansible/plugin.rb
 INFO manager: Registered plugin: ansible
DEBUG global: Loading core plugin: D:/HashiCorp/Vagrant/embedded/gems/gems/vagrant-1.9.1/plugins/provisioners/cfengine/plugin.rb
 INFO manager: Registered plugin: CFEngine Provisioner
DEBUG global: Loading core plugin: D:/HashiCorp/Vagrant/embedded/gems/gems/vagrant-1.9.1/plugins/provisioners/chef/plugin.rb
 INFO manager: Registered plugin: chef
DEBUG global: Loading core plugin: D:/HashiCorp/Vagrant/embedded/gems/gems/vagrant-1.9.1/plugins/provisioners/docker/plugin.rb
 INFO manager: Registered plugin: docker
DEBUG global: Loading core plugin: D:/HashiCorp/Vagrant/embedded/gems/gems/vagrant-1.9.1/plugins/provisioners/file/plugin.rb
 INFO manager: Registered plugin: file
DEBUG global: Loading core plugin: D:/HashiCorp/Vagrant/embedded/gems/gems/vagrant-1.9.1/plugins/provisioners/puppet/plugin.rb
 INFO manager: Registered plugin: puppet
DEBUG global: Loading core plugin: D:/HashiCorp/Vagrant/embedded/gems/gems/vagrant-1.9.1/plugins/provisioners/salt/plugin.rb
 INFO manager: Registered plugin: salt
DEBUG global: Loading core plugin: D:/HashiCorp/Vagrant/embedded/gems/gems/vagrant-1.9.1/plugins/provisioners/shell/plugin.rb
 INFO manager: Registered plugin: shell
DEBUG global: Loading core plugin: D:/HashiCorp/Vagrant/embedded/gems/gems/vagrant-1.9.1/plugins/pushes/atlas/plugin.rb
 INFO manager: Registered plugin: atlas
DEBUG global: Loading core plugin: D:/HashiCorp/Vagrant/embedded/gems/gems/vagrant-1.9.1/plugins/pushes/ftp/plugin.rb
 INFO manager: Registered plugin: ftp
DEBUG global: Loading core plugin: D:/HashiCorp/Vagrant/embedded/gems/gems/vagrant-1.9.1/plugins/pushes/heroku/plugin.rb
 INFO manager: Registered plugin: heroku
DEBUG global: Loading core plugin: D:/HashiCorp/Vagrant/embedded/gems/gems/vagrant-1.9.1/plugins/pushes/local-exec/plugin.rb
 INFO manager: Registered plugin: local-exec
DEBUG global: Loading core plugin: D:/HashiCorp/Vagrant/embedded/gems/gems/vagrant-1.9.1/plugins/pushes/noop/plugin.rb
 INFO manager: Registered plugin: noop
DEBUG global: Loading core plugin: D:/HashiCorp/Vagrant/embedded/gems/gems/vagrant-1.9.1/plugins/synced_folders/nfs/plugin.rb
 INFO manager: Registered plugin: NFS synced folders
DEBUG global: Loading core plugin: D:/HashiCorp/Vagrant/embedded/gems/gems/vagrant-1.9.1/plugins/synced_folders/rsync/plugin.rb
 INFO manager: Registered plugin: RSync synced folders
DEBUG global: Loading core plugin: D:/HashiCorp/Vagrant/embedded/gems/gems/vagrant-1.9.1/plugins/synced_folders/smb/plugin.rb
 INFO manager: Registered plugin: SMB synced folders
 INFO global: Loading plugins!
DEBUG global: Loading plugin `vagrant-share` with default require: `vagrant-share`
 INFO manager: Registered plugin: vagrant-share
DEBUG global: Successfully loaded plugin `vagrant-share`.
 INFO vagrant: `vagrant` invoked: ["up", "vbox1", "--debug"]
DEBUG vagrant: Creating Vagrant environment
 INFO environment: Environment initialized (#<Vagrant::Environment:0x28b8688>)
 INFO environment:   - cwd: E:/vagrant
 INFO environment: Home path: C:/Users/JohnnyWei/.vagrant.d
DEBUG environment: Effective local data path: E:/vagrant/.vagrant
 INFO environment: Local data path: E:/vagrant/.vagrant
DEBUG environment: Creating: E:/vagrant/.vagrant
 INFO environment: Running hook: environment_plugins_loaded
 INFO runner: Preparing hooks for middleware sequence...
 INFO runner: 1 hooks defined.
 INFO runner: Running action: environment_plugins_loaded #<Vagrant::Action::Builder:0x3b10bd0>
 INFO environment: Running hook: environment_load
 INFO runner: Preparing hooks for middleware sequence...
 INFO runner: 1 hooks defined.
 INFO runner: Running action: environment_load #<Vagrant::Action::Builder:0x3cb9370>
 INFO cli: CLI: [] "up" ["vbox1"]
DEBUG cli: Invoking command class: VagrantPlugins::CommandUp::Command ["vbox1"]
DEBUG command: 'Up' each target VM...
DEBUG command: Getting target VMs for command. Arguments:
DEBUG command:  -- names: ["vbox1"]
DEBUG command:  -- options: nil
DEBUG command: Finding machine that match name: vbox1
 INFO command: Active machine found with name vbox1. Using provider: virtualbox
 INFO environment: Getting machine: vbox1 (virtualbox)
 INFO environment: Uncached load of machine.
 INFO loader: Set :root = ["#<Pathname:E:/vagrant/Vagrantfile>"]
DEBUG loader: Populating proc cache for #<Pathname:E:/vagrant/Vagrantfile>
DEBUG loader: Load procs for pathname: E:/vagrant/Vagrantfile
 INFO loader: Loading configuration in order: [:home, :root]
DEBUG loader: Loading from: root (evaluating)
DEBUG loader: Configuration loaded successfully, finalizing and returning
DEBUG push: finalizing
DEBUG base: Windows, checking for VBoxManage on PATH first
DEBUG base: Windows. Trying VBOX_INSTALL_PATH for VBoxManage
DEBUG base: VBOX_INSTALL_PATH value: D:\Program Files\Oracle\VirtualBox\
 INFO base: VBoxManage path: D:\Program Files\Oracle\VirtualBox\VBoxManage.exe
 INFO subprocess: Starting process: ["D:\\Program Files\\Oracle\\VirtualBox\\VBoxManage.exe", "--version"]
 INFO subprocess: Command not in installer, restoring original environment...
DEBUG subprocess: Selecting on IO
DEBUG subprocess: stdout: 5.1.14r112924
DEBUG subprocess: Waiting for process to exit. Remaining to timeout: 32000
DEBUG subprocess: Exit status: 0
DEBUG meta: Finding driver for VirtualBox version: 5.1.14
 INFO meta: Using VirtualBox driver: VagrantPlugins::ProviderVirtualBox::Driver::Version_5_1
DEBUG base: Windows, checking for VBoxManage on PATH first
DEBUG base: Windows. Trying VBOX_INSTALL_PATH for VBoxManage
DEBUG base: VBOX_INSTALL_PATH value: D:\Program Files\Oracle\VirtualBox\
 INFO base: VBoxManage path: D:\Program Files\Oracle\VirtualBox\VBoxManage.exe
 INFO loader: Set "31426308_machine_vbox1" = ["[\"2\", #<Proc:0x3a84b00@E:/vagrant/Vagrantfile:5>]"]
DEBUG loader: Populating proc cache for ["2", #<Proc:0x3a84b00@E:/vagrant/Vagrantfile:5>]
 INFO loader: Loading configuration in order: [:home, :root, "31426308_machine_vbox1"]
DEBUG loader: Loading from: root (cache)
DEBUG loader: Loading from: 31426308_machine_vbox1 (evaluating)
DEBUG loader: Configuration loaded successfully, finalizing and returning
DEBUG push: finalizing
 INFO box_collection: Box found: vbox1 (virtualbox)
 INFO loader: Set :"32367876_vbox1_virtualbox" = ["#<Pathname:C:/Users/JohnnyWei/.vagrant.d/boxes/vbox1/0/virtualbox/Vagrantfile>"]
DEBUG loader: Populating proc cache for #<Pathname:C:/Users/JohnnyWei/.vagrant.d/boxes/vbox1/0/virtualbox/Vagrantfile>
DEBUG loader: Load procs for pathname: C:/Users/JohnnyWei/.vagrant.d/boxes/vbox1/0/virtualbox/Vagrantfile
 INFO loader: Loading configuration in order: [:"32367876_vbox1_virtualbox", :home, :root, "31426308_machine_vbox1"]
DEBUG loader: Loading from: 32367876_vbox1_virtualbox (evaluating)
DEBUG loader: Upgrading config from version 1 to 2
DEBUG loader: Upgrading config to version 2
DEBUG loader: Upgraded to version 2 with 0 warnings and 0 errors
DEBUG loader: Loading from: 32367876_vbox1_virtualbox (evaluating)
DEBUG loader: Loading from: root (cache)
DEBUG loader: Loading from: 31426308_machine_vbox1 (cache)
DEBUG loader: Configuration loaded successfully, finalizing and returning
DEBUG push: finalizing
 INFO machine: Initializing machine: vbox1
 INFO machine:   - Provider: VagrantPlugins::ProviderVirtualBox::Provider
 INFO machine:   - Box: #<Vagrant::Box:0x3cb9430>
 INFO machine:   - Data dir: E:/vagrant/.vagrant/machines/vbox1/virtualbox
DEBUG virtualbox: Instantiating the driver for machine ID: "e5993435-4bf3-47fb-8059-6d26dd53c9dd"
DEBUG base: Windows, checking for VBoxManage on PATH first
DEBUG base: Windows. Trying VBOX_INSTALL_PATH for VBoxManage
DEBUG base: VBOX_INSTALL_PATH value: D:\Program Files\Oracle\VirtualBox\
 INFO base: VBoxManage path: D:\Program Files\Oracle\VirtualBox\VBoxManage.exe
DEBUG meta: Finding driver for VirtualBox version: 5.1.14
 INFO meta: Using VirtualBox driver: VagrantPlugins::ProviderVirtualBox::Driver::Version_5_1
DEBUG base: Windows, checking for VBoxManage on PATH first
DEBUG base: Windows. Trying VBOX_INSTALL_PATH for VBoxManage
DEBUG base: VBOX_INSTALL_PATH value: D:\Program Files\Oracle\VirtualBox\
 INFO base: VBoxManage path: D:\Program Files\Oracle\VirtualBox\VBoxManage.exe
 INFO subprocess: Starting process: ["D:\\Program Files\\Oracle\\VirtualBox\\VBoxManage.exe", "showvminfo", "e5993435-4bf3-47fb-8059-6d26dd53c9dd"]
 INFO subprocess: Command not in installer, restoring original environment...
DEBUG subprocess: Selecting on IO
DEBUG subprocess: stdout: Name:            vbox1

Groups:          /

Guest OS:        Red Hat (64-bit)

UUID:            e5993435-4bf3-47fb-8059-6d26dd53c9dd

Config file:     C:\Users\JohnnyWei\VirtualBox VMs\vbox1\vbox1.vbox

Snapshot folder: C:\Users\JohnnyWei\VirtualBox VMs\vbox1\Snapshots

Log folder:      C:\Users\JohnnyWei\VirtualBox VMs\vbox1\Logs

Hardware UUID:   e5993435-4bf3-47fb-8059-6d26dd53c9dd

Memory size:     256MB

Page Fusion:     off

VRAM size:       16MB

CPU exec cap:    100%

HPET:            off

Chipset:         piix3

Firmware:        BIOS

Number of CPUs:  1

PAE:             on

Long Mode:       on

Triple Fault Reset: off

APIC:            on

X2APIC:          on

CPUID Portability Level: 0

CPUID overrides: None

Boot menu mode:  message and menu

Boot Device (1): Floppy

Boot Device (2): DVD

Boot Device (3): HardDisk

Boot Device (4): Not Assigned

ACPI:            on

IOAPIC:          on

BIOS APIC mode:  APIC

Time offset:     0ms

RTC:             UTC

Hardw. virt.ext: on

Nested Paging:   on

Large Pages:     on

VT-x VPID:       on

VT-x unr. exec.: on

Paravirt. Provider: Default

Effective Paravirt. Provider: KVM

State:           running (since 2017-02-19T10:32:37.067000000)

Monitor count:   1

3D Acceleration: off

2D Video Acceleration: off

Teleporter Enabled: off

Teleporter Port: 0

Teleporter Address: 

Teleporter Password: 

Tracing Enabled: off

Allow Tracing to Access VM: off

Tracing Configuration: 

Autostart Enabled: off

Autostart Delay: 0

Default Frontend: 

Storage Controller Name (0):            IDE

Storage Controller Type (0):            PIIX4

Storage Controller Instance Number (0): 0

Storage Controller Max Port Count (0):  2

Storage Controller Port Count (0):      2

Storage Controller Bootable (0):        on

Storage Controller Name (1):            SATA

Storage Controller Type (1):            IntelAhci

Storage Controller Instance Number (1): 0

Storage Controller Max Port Count (1):  30

Storage Controller Port Count (1):      1

Storage Controller Bootable (1):        on

IDE (1, 0): Empty

SATA (0, 0): C:\Users\JohnnyWei\VirtualBox VMs\vbox1\box-disk1.vmdk (UUID: e86716e4-e2a4-4d9c-b4b6-1400ca57ae10)

NIC 1:           MAC: 080027662D65, Attachment: NAT, Cable connected: off, Trace: off (file: none), Type: 82540EM, Reported speed: 0 Mbps, Boot priority: 0, Promisc Policy: deny, Bandwidth group: none

NIC 1 Settings:  MTU: 0, Socket (send: 64, receive: 64), TCP Window (send:64, receive: 64)

NIC 1 Rule(0):   name = ssh, protocol = tcp, host ip = 127.0.0.1, host port = 2200, guest ip = , guest port = 22

NIC 2:           MAC: 0800279582C5, Attachment: Bridged Interface 'Realtek RTL8192EU Wireless LAN 802.11n USB 2.0 Network Adapter', Cable connected: on, Trace: off (file: none), Type: 82540EM, Reported speed: 0 Mbps, Boot priority: 0, Promisc Policy: deny, Bandwidth group: none

NIC 3:           disabled

NIC 4:           disabled

NIC 5:           disabled

NIC 6:           disabled

NIC 7:           disabled

NIC 8:           disabled

Pointing Device: PS/2 Mouse

Keyboard Device: PS/2 Keyboard

UART 1:          disabled

UART 2:          disabled

UART 3:          disabled

UART 4:          disabled

LPT 1:           disabled

LPT 2:           disabled

Audio:           enabled (Driver: DSOUND, Controller: AC97, Codec: AD1980)

Clipboard Mode:  disabled

Drag and drop Mode: disabled

Session name:    headless

Video mode:      720x400x0 at 0,0 enabled

VRDE:            disabled

USB:             enabled

EHCI:            disabled

XHCI:            disabled



USB Device Filters:



<none>



Available remote USB devices:



<none>



Currently Attached USB Devices:



<none>



Bandwidth groups:  <none>



Shared folders:  



Name: 'data_wwwroot_', Host path: '\\?\E:\wwwroot' (machine mapping), writable

Name: 'vagrant', Host path: '\\?\E:\vagrant' (machine mapping), writable



VRDE Connection:    not active

Clients so far:     0



Video capturing:    not active

Capture screens:    0

Capture file:       C:\Users\JohnnyWei\VirtualBox VMs\vbox1\vbox1.webm

Capture dimensions: 1024x768

Capture rate:       512 kbps

Capture FPS:        25



Guest:



Configured memory balloon size:      0 MB

OS type:                             Linux26_64

Additions run level:                 2

Additions version:                   5.1.4 r110228





Guest Facilities:



Facility "VirtualBox Base Driver": active/running (last update: 2017/02/19 10:32:47 UTC)

Facility "VirtualBox System Service": active/running (last update: 2017/02/19 10:32:49 UTC)

Facility "Seamless Mode": not active (last update: 2017/02/19 10:32:47 UTC)

Facility "Graphics Mode": not active (last update: 2017/02/19 10:32:47 UTC)




DEBUG subprocess: Waiting for process to exit. Remaining to timeout: 32000
DEBUG subprocess: Exit status: 0
 INFO subprocess: Starting process: ["D:\\Program Files\\Oracle\\VirtualBox\\VBoxManage.exe", "showvminfo", "e5993435-4bf3-47fb-8059-6d26dd53c9dd", "--machinereadable"]
 INFO subprocess: Command not in installer, restoring original environment...
DEBUG subprocess: Selecting on IO
DEBUG subprocess: stdout: name="vbox1"

groups="/"

ostype="Red Hat (64-bit)"

UUID="e5993435-4bf3-47fb-8059-6d26dd53c9dd"

CfgFile="C:\\Users\\JohnnyWei\\VirtualBox VMs\\vbox1\\vbox1.vbox"

SnapFldr="C:\\Users\\JohnnyWei\\VirtualBox VMs\\vbox1\\Snapshots"

LogFldr="C:\\Users\\JohnnyWei\\VirtualBox VMs\\vbox1\\Logs"

hardwareuuid="e5993435-4bf3-47fb-8059-6d26dd53c9dd"

memory=256

pagefusion="off"

vram=16

cpuexecutioncap=100

hpet="off"

chipset="piix3"

firmware="BIOS"

cpus=1

pae="on"

longmode="on"

triplefaultreset="off"

apic="on"

x2apic="on"

cpuid-portability-level=0

bootmenu="messageandmenu"

boot1="floppy"

boot2="dvd"

boot3="disk"

boot4="none"

acpi="on"

ioapic="on"

biosapic="apic"

biossystemtimeoffset=0

rtcuseutc="on"

hwvirtex="on"

nestedpaging="on"

largepages="on"

vtxvpid="on"

vtxux="on"

paravirtprovider="default"

effparavirtprovider="kvm"

VMState="running"

VMStateChangeTime="2017-02-19T10:32:37.067000000"

monitorcount=1

accelerate3d="off"

accelerate2dvideo="off"

teleporterenabled="off"

teleporterport=0

teleporteraddress=""

teleporterpassword=""

tracing-enabled="off"

tracing-allow-vm-access="off"

tracing-config=""

autostart-enabled="off"

autostart-delay=0

defaultfrontend=""

storagecontrollername0="IDE"

storagecontrollertype0="PIIX4"

storagecontrollerinstance0="0"

storagecontrollermaxportcount0="2"

storagecontrollerportcount0="2"

storagecontrollerbootable0="on"

storagecontrollername1="SATA"

storagecontrollertype1="IntelAhci"

storagecontrollerinstance1="0"

storagecontrollermaxportcount1="30"

storagecontrollerportcount1="1"

storagecontrollerbootable1="on"

"IDE-0-0"="none"

"IDE-0-1"="none"

"IDE-1-0"="emptydrive"

"IDE-IsEjected"="off"

"IDE-1-1"="none"

"SATA-0-0"="C:\Users\JohnnyWei\VirtualBox VMs\vbox1\box-disk1.vmdk"

"SATA-ImageUUID-0-0"="e86716e4-e2a4-4d9c-b4b6-1400ca57ae10"

natnet1="nat"

macaddress1="080027662D65"

cableconnected1="off"

nic1="nat"

nictype1="82540EM"

nicspeed1="0"

mtu="0"

sockSnd="64"

sockRcv="64"

tcpWndSnd="64"

tcpWndRcv="64"

Forwarding(0)="ssh,tcp,127.0.0.1,2200,,22"

bridgeadapter2="Realtek RTL8192EU Wireless LAN 802.11n USB 2.0 Network Adapter"

macaddress2="0800279582C5"

cableconnected2="on"

nic2="bridged"

nictype2="82540EM"

nicspeed2="0"

nic3="none"

nic4="none"

nic5="none"

nic6="none"

nic7="none"

nic8="none"

hidpointing="ps2mouse"

hidkeyboard="ps2kbd"

uart1="off"

uart2="off"

uart3="off"

uart4="off"

lpt1="off"

lpt2="off"

audio="dsound"

clipboard="disabled"

draganddrop="disabled"

SessionName="headless"

VideoMode="720,400,0"@0,0 1

vrde="off"

usb="on"

ehci="off"

xhci="off"

SharedFolderNameMachineMapping1="data_wwwroot_"

SharedFolderPathMachineMapping1="\\?\E:\wwwroot"

SharedFolderNameMachineMapping2="vagrant"

SharedFolderPathMachineMapping2="\\?\E:\vagrant"

VRDEActiveConnection="off"

VRDEClients=0

vcpenabled="off"

vcpscreens=0

vcpfile="C:\Users\JohnnyWei\VirtualBox VMs\vbox1\vbox1.webm"

vcpwidth=1024

vcpheight=768

vcprate=512

vcpfps=25

GuestMemoryBalloon=0

GuestOSType="Linux26_64"

GuestAdditionsRunLevel=2

GuestAdditionsVersion="5.1.4 r110228"

GuestAdditionsFacility_VirtualBox Base Driver=50,1487500367929

GuestAdditionsFacility_VirtualBox System Service=50,1487500369691

GuestAdditionsFacility_Seamless Mode=0,1487500367929

GuestAdditionsFacility_Graphics Mode=0,1487500367929
DEBUG subprocess: Waiting for process to exit. Remaining to timeout: 32000
DEBUG subprocess: Exit status: 0
 INFO interface: Machine: metadata ["provider", :virtualbox, {:target=>:vbox1}]
 INFO command: With machine: vbox1 (#<VagrantPlugins::ProviderVirtualBox::Provider:0x2ff5968 @logger=#<Log4r::Logger:0x2ff5920 @fullname="vagrant::provider::virtualbox", @outputters=[], @additive=true, @name="virtualbox", @path="vagrant::provider", @parent=#<Log4r::Logger:0x2950290 @fullname="vagrant", @outputters=[#<Log4r::StderrOutputter:0x28c0a70 @mon_owner=nil, @mon_count=0, @mon_mutex=#<Mutex:0x28c0998>, @name="stderr", @level=0, @formatter=#<Log4r::DefaultFormatter:0x28ba500 @depth=7>, @out=#<IO:<STDERR>>>], @additive=true, @name="vagrant", @path="", @parent=#<Log4r::RootLogger:0x29501b8 @level=0, @outputters=[]>, @level=1, @trace=false>, @level=1, @trace=false>, @machine=#<Vagrant::Machine: vbox1 (VagrantPlugins::ProviderVirtualBox::Provider)>, @driver=#<VagrantPlugins::ProviderVirtualBox::Driver::Meta:0x2f342e8 @logger=#<Log4r::Logger:0x2ea1be8 @fullname="vagrant::provider::virtualbox::meta", @outputters=[], @additive=true, @name="meta", @path="vagrant::provider::virtualbox", @parent=#<Log4r::Logger:0x2ff5920 @fullname="vagrant::provider::virtualbox", @outputters=[], @additive=true, @name="virtualbox", @path="vagrant::provider", @parent=#<Log4r::Logger:0x2950290 @fullname="vagrant", @outputters=[#<Log4r::StderrOutputter:0x28c0a70 @mon_owner=nil, @mon_count=0, @mon_mutex=#<Mutex:0x28c0998>, @name="stderr", @level=0, @formatter=#<Log4r::DefaultFormatter:0x28ba500 @depth=7>, @out=#<IO:<STDERR>>>], @additive=true, @name="vagrant", @path="", @parent=#<Log4r::RootLogger:0x29501b8 @level=0, @outputters=[]>, @level=1, @trace=false>, @level=1, @trace=false>, @level=1, @trace=false>, @interrupted=false, @vboxmanage_path="D:\\Program Files\\Oracle\\VirtualBox\\VBoxManage.exe", @uuid="e5993435-4bf3-47fb-8059-6d26dd53c9dd", @driver=#<VagrantPlugins::ProviderVirtualBox::Driver::Version_5_1:0x2e453f8 @logger=#<Log4r::Logger:0x2949a80 @fullname="vagrant::provider::virtualbox_5_1", @outputters=[], @additive=true, @name="virtualbox_5_1", @path="vagrant::provider", @parent=#<Log4r::Logger:0x2950290 @fullname="vagrant", @outputters=[#<Log4r::StderrOutputter:0x28c0a70 @mon_owner=nil, @mon_count=0, @mon_mutex=#<Mutex:0x28c0998>, @name="stderr", @level=0, @formatter=#<Log4r::DefaultFormatter:0x28ba500 @depth=7>, @out=#<IO:<STDERR>>>], @additive=true, @name="vagrant", @path="", @parent=#<Log4r::RootLogger:0x29501b8 @level=0, @outputters=[]>, @level=1, @trace=false>, @level=1, @trace=false>, @interrupted=false, @vboxmanage_path="D:\\Program Files\\Oracle\\VirtualBox\\VBoxManage.exe", @uuid="e5993435-4bf3-47fb-8059-6d26dd53c9dd">, @version="5.1.14">, @cap_logger=#<Log4r::Logger:0x3d30968 @fullname="vagrant::capability_host::vagrantplugins::providervirtualbox::provider", @outputters=[], @additive=true, @name="provider", @path="vagrant::capability_host::vagrantplugins::providervirtualbox", @parent=#<Log4r::Logger:0x2950290 @fullname="vagrant", @outputters=[#<Log4r::StderrOutputter:0x28c0a70 @mon_owner=nil, @mon_count=0, @mon_mutex=#<Mutex:0x28c0998>, @name="stderr", @level=0, @formatter=#<Log4r::DefaultFormatter:0x28ba500 @depth=7>, @out=#<IO:<STDERR>>>], @additive=true, @name="vagrant", @path="", @parent=#<Log4r::RootLogger:0x29501b8 @level=0, @outputters=[]>, @level=1, @trace=false>, @level=1, @trace=false>, @cap_host_chain=[[:virtualbox, #<#<Class:0x3d318f8>:0x3ccf510>]], @cap_args=[#<Vagrant::Machine: vbox1 (VagrantPlugins::ProviderVirtualBox::Provider)>], @cap_caps={:docker=>#<Vagrant::Registry:0x3d31520 @items={:public_address=>#<Proc:0x3c2fd18@D:/HashiCorp/Vagrant/embedded/gems/gems/vagrant-1.9.1/plugins/providers/docker/plugin.rb:60>, :proxy_machine=>#<Proc:0x3c2fc40@D:/HashiCorp/Vagrant/embedded/gems/gems/vagrant-1.9.1/plugins/providers/docker/plugin.rb:65>}, @results_cache={}>, :hyperv=>#<Vagrant::Registry:0x3d31490 @items={:public_address=>#<Proc:0x3c2d000@D:/HashiCorp/Vagrant/embedded/gems/gems/vagrant-1.9.1/plugins/providers/hyperv/plugin.rb:25>, :snapshot_list=>#<Proc:0x3c2cf70@D:/HashiCorp/Vagrant/embedded/gems/gems/vagrant-1.9.1/plugins/providers/hyperv/plugin.rb:30>}, @results_cache={}>, :virtualbox=>#<Vagrant::Registry:0x3d30d58 @items={:forwarded_ports=>#<Proc:0x3c1c8a8@D:/HashiCorp/Vagrant/embedded/gems/gems/vagrant-1.9.1/plugins/providers/virtualbox/plugin.rb:27>, :nic_mac_addresses=>#<Proc:0x3c1c848@D:/HashiCorp/Vagrant/embedded/gems/gems/vagrant-1.9.1/plugins/providers/virtualbox/plugin.rb:32>, :public_address=>#<Proc:0x3c1c830@D:/HashiCorp/Vagrant/embedded/gems/gems/vagrant-1.9.1/plugins/providers/virtualbox/plugin.rb:37>, :snapshot_list=>#<Proc:0x3c1c818@D:/HashiCorp/Vagrant/embedded/gems/gems/vagrant-1.9.1/plugins/providers/virtualbox/plugin.rb:42>}, @results_cache={}>}>)
 INFO loader: Set "31426308_machine_vbox1" = ["[\"2\", #<Proc:0x3a84b00@E:/vagrant/Vagrantfile:5>]"]
 INFO loader: Loading configuration in order: [:home, :root, "31426308_machine_vbox1"]
ERROR loader: Unknown config sources: [:"32367876_vbox1_virtualbox"]
DEBUG loader: Loading from: root (cache)
DEBUG loader: Loading from: 31426308_machine_vbox1 (cache)
DEBUG loader: Configuration loaded successfully, finalizing and returning
DEBUG push: finalizing
 INFO subprocess: Starting process: ["D:\\Program Files\\Oracle\\VirtualBox\\VBoxManage.exe", "showvminfo", "e5993435-4bf3-47fb-8059-6d26dd53c9dd", "--machinereadable"]
 INFO subprocess: Command not in installer, restoring original environment...
DEBUG subprocess: Selecting on IO
DEBUG subprocess: stdout: name="vbox1"

groups="/"

ostype="Red Hat (64-bit)"

UUID="e5993435-4bf3-47fb-8059-6d26dd53c9dd"

CfgFile="C:\\Users\\JohnnyWei\\VirtualBox VMs\\vbox1\\vbox1.vbox"

SnapFldr="C:\\Users\\JohnnyWei\\VirtualBox VMs\\vbox1\\Snapshots"

LogFldr="C:\\Users\\JohnnyWei\\VirtualBox VMs\\vbox1\\Logs"

hardwareuuid="e5993435-4bf3-47fb-8059-6d26dd53c9dd"

memory=256

pagefusion="off"

vram=16

cpuexecutioncap=100

hpet="off"

chipset="piix3"

firmware="BIOS"

cpus=1

pae="on"

longmode="on"

triplefaultreset="off"

apic="on"

x2apic="on"

cpuid-portability-level=0

bootmenu="messageandmenu"

boot1="floppy"

boot2="dvd"

boot3="disk"

boot4="none"

acpi="on"

ioapic="on"

biosapic="apic"

biossystemtimeoffset=0

rtcuseutc="on"

hwvirtex="on"

nestedpaging="on"

largepages="on"

vtxvpid="on"

vtxux="on"

paravirtprovider="default"

effparavirtprovider="kvm"

VMState="running"

VMStateChangeTime="2017-02-19T10:32:37.067000000"

monitorcount=1

accelerate3d="off"

accelerate2dvideo="off"

teleporterenabled="off"

teleporterport=0

teleporteraddress=""

teleporterpassword=""

tracing-enabled="off"

tracing-allow-vm-access="off"

tracing-config=""

autostart-enabled="off"

autostart-delay=0

defaultfrontend=""

storagecontrollername0="IDE"

storagecontrollertype0="PIIX4"

storagecontrollerinstance0="0"

storagecontrollermaxportcount0="2"

storagecontrollerportcount0="2"

storagecontrollerbootable0="on"

storagecontrollername1="SATA"

storagecontrollertype1="IntelAhci"

storagecontrollerinstance1="0"

storagecontrollermaxportcount1="30"

storagecontrollerportcount1="1"

storagecontrollerbootable1="on"

"IDE-0-0"="none"

"IDE-0-1"="none"

"IDE-1-0"="emptydrive"

"IDE-IsEjected"="off"

"IDE-1-1"="none"

"SATA-0-0"="C:\Users\JohnnyWei\VirtualBox VMs\vbox1\box-disk1.vmdk"

"SATA-ImageUUID-0-0"="e86716e4-e2a4-4d9c-b4b6-1400ca57ae10"

natnet1="nat"

macaddress1="080027662D65"

cableconnected1="off"

nic1="nat"

nictype1="82540EM"

nicspeed1="0"

mtu="0"

sockSnd="64"

sockRcv="64"

tcpWndSnd="64"

tcpWndRcv="64"

Forwarding(0)="ssh,tcp,127.0.0.1,2200,,22"

bridgeadapter2="Realtek RTL8192EU Wireless LAN 802.11n USB 2.0 Network Adapter"

macaddress2="0800279582C5"

cableconnected2="on"

nic2="bridged"

nictype2="82540EM"

nicspeed2="0"

nic3="none"

nic4="none"

nic5="none"

nic6="none"

nic7="none"

nic8="none"

hidpointing="ps2mouse"

hidkeyboard="ps2kbd"

uart1="off"

uart2="off"

uart3="off"

uart4="off"

lpt1="off"

lpt2="off"

audio="dsound"

clipboard="disabled"

draganddrop="disabled"

SessionName="headless"

VideoMode="720,400,0"@0,0 1

vrde="off"

usb="on"

ehci="off"

xhci="off"

SharedFolderNameMachineMapping1="data_wwwroot_"

SharedFolderPathMachineMapping1="\\?\E:\wwwroot"

SharedFolderNameMachineMapping2="vagrant"

SharedFolderPathMachineMapping2="\\?\E:\vagrant"

VRDEActiveConnection="off"

VRDEClients=0

vcpenabled="off"

vcpscreens=0

vcpfile="C:\Users\JohnnyWei\VirtualBox VMs\vbox1\vbox1.webm"

vcpwidth=1024

vcpheight=768

vcprate=512

vcpfps=25

GuestMemoryBalloon=0

GuestOSType="Linux26_64"

GuestAdditionsRunLevel=2

GuestAdditionsVersion="5.1.4 r110228"

GuestAdditionsFacility_VirtualBox Base Driver=50,1487500367929

GuestAdditionsFacility_VirtualBox System Service=50,1487500369691

GuestAdditionsFacility_Seamless Mode=0,1487500367929

GuestAdditionsFacility_Graphics Mode=0,1487500367929
DEBUG subprocess: Waiting for process to exit. Remaining to timeout: 32000
DEBUG subprocess: Exit status: 0
 INFO host: Autodetecting host type for [#<Vagrant::Environment: E:/vagrant>]
DEBUG host: Trying: arch
DEBUG host: Trying: darwin
DEBUG host: Trying: freebsd
DEBUG host: Trying: gentoo
DEBUG host: Trying: redhat
DEBUG host: Trying: slackware
DEBUG host: Trying: suse
DEBUG host: Trying: bsd
DEBUG host: Trying: linux
DEBUG host: Trying: null
DEBUG host: Trying: windows
 INFO host: Detected: windows!
DEBUG host: Searching for cap: provider_install_virtualbox
DEBUG host: Checking in: windows
DEBUG host: Found cap: provider_install_virtualbox in windows
DEBUG base: Windows, checking for VBoxManage on PATH first
DEBUG base: Windows. Trying VBOX_INSTALL_PATH for VBoxManage
DEBUG base: VBOX_INSTALL_PATH value: D:\Program Files\Oracle\VirtualBox\
 INFO base: VBoxManage path: D:\Program Files\Oracle\VirtualBox\VBoxManage.exe
DEBUG meta: Finding driver for VirtualBox version: 5.1.14
 INFO meta: Using VirtualBox driver: VagrantPlugins::ProviderVirtualBox::Driver::Version_5_1
DEBUG base: Windows, checking for VBoxManage on PATH first
DEBUG base: Windows. Trying VBOX_INSTALL_PATH for VBoxManage
DEBUG base: VBOX_INSTALL_PATH value: D:\Program Files\Oracle\VirtualBox\
 INFO base: VBoxManage path: D:\Program Files\Oracle\VirtualBox\VBoxManage.exe
DEBUG command: Getting target VMs for command. Arguments:
DEBUG command:  -- names: ["vbox1"]
DEBUG command:  -- options: {:provider=>nil}
DEBUG command: Finding machine that match name: vbox1
 INFO command: Active machine found with name vbox1. Using provider: virtualbox
 INFO environment: Getting machine: vbox1 (virtualbox)
 INFO environment: Returning cached machine: vbox1 (virtualbox)
 INFO command: With machine: vbox1 (#<VagrantPlugins::ProviderVirtualBox::Provider:0x2ff5968 @logger=#<Log4r::Logger:0x2ff5920 @fullname="vagrant::provider::virtualbox", @outputters=[], @additive=true, @name="virtualbox", @path="vagrant::provider", @parent=#<Log4r::Logger:0x2950290 @fullname="vagrant", @outputters=[#<Log4r::StderrOutputter:0x28c0a70 @mon_owner=nil, @mon_count=0, @mon_mutex=#<Mutex:0x28c0998>, @name="stderr", @level=0, @formatter=#<Log4r::DefaultFormatter:0x28ba500 @depth=7>, @out=#<IO:<STDERR>>>], @additive=true, @name="vagrant", @path="", @parent=#<Log4r::RootLogger:0x29501b8 @level=0, @outputters=[]>, @level=1, @trace=false>, @level=1, @trace=false>, @machine=#<Vagrant::Machine: vbox1 (VagrantPlugins::ProviderVirtualBox::Provider)>, @driver=#<VagrantPlugins::ProviderVirtualBox::Driver::Meta:0x2f342e8 @logger=#<Log4r::Logger:0x2ea1be8 @fullname="vagrant::provider::virtualbox::meta", @outputters=[], @additive=true, @name="meta", @path="vagrant::provider::virtualbox", @parent=#<Log4r::Logger:0x2ff5920 @fullname="vagrant::provider::virtualbox", @outputters=[], @additive=true, @name="virtualbox", @path="vagrant::provider", @parent=#<Log4r::Logger:0x2950290 @fullname="vagrant", @outputters=[#<Log4r::StderrOutputter:0x28c0a70 @mon_owner=nil, @mon_count=0, @mon_mutex=#<Mutex:0x28c0998>, @name="stderr", @level=0, @formatter=#<Log4r::DefaultFormatter:0x28ba500 @depth=7>, @out=#<IO:<STDERR>>>], @additive=true, @name="vagrant", @path="", @parent=#<Log4r::RootLogger:0x29501b8 @level=0, @outputters=[]>, @level=1, @trace=false>, @level=1, @trace=false>, @level=1, @trace=false>, @interrupted=false, @vboxmanage_path="D:\\Program Files\\Oracle\\VirtualBox\\VBoxManage.exe", @uuid="e5993435-4bf3-47fb-8059-6d26dd53c9dd", @driver=#<VagrantPlugins::ProviderVirtualBox::Driver::Version_5_1:0x2e453f8 @logger=#<Log4r::Logger:0x2949a80 @fullname="vagrant::provider::virtualbox_5_1", @outputters=[], @additive=true, @name="virtualbox_5_1", @path="vagrant::provider", @parent=#<Log4r::Logger:0x2950290 @fullname="vagrant", @outputters=[#<Log4r::StderrOutputter:0x28c0a70 @mon_owner=nil, @mon_count=0, @mon_mutex=#<Mutex:0x28c0998>, @name="stderr", @level=0, @formatter=#<Log4r::DefaultFormatter:0x28ba500 @depth=7>, @out=#<IO:<STDERR>>>], @additive=true, @name="vagrant", @path="", @parent=#<Log4r::RootLogger:0x29501b8 @level=0, @outputters=[]>, @level=1, @trace=false>, @level=1, @trace=false>, @interrupted=false, @vboxmanage_path="D:\\Program Files\\Oracle\\VirtualBox\\VBoxManage.exe", @uuid="e5993435-4bf3-47fb-8059-6d26dd53c9dd">, @version="5.1.14">, @cap_logger=#<Log4r::Logger:0x3d30968 @fullname="vagrant::capability_host::vagrantplugins::providervirtualbox::provider", @outputters=[], @additive=true, @name="provider", @path="vagrant::capability_host::vagrantplugins::providervirtualbox", @parent=#<Log4r::Logger:0x2950290 @fullname="vagrant", @outputters=[#<Log4r::StderrOutputter:0x28c0a70 @mon_owner=nil, @mon_count=0, @mon_mutex=#<Mutex:0x28c0998>, @name="stderr", @level=0, @formatter=#<Log4r::DefaultFormatter:0x28ba500 @depth=7>, @out=#<IO:<STDERR>>>], @additive=true, @name="vagrant", @path="", @parent=#<Log4r::RootLogger:0x29501b8 @level=0, @outputters=[]>, @level=1, @trace=false>, @level=1, @trace=false>, @cap_host_chain=[[:virtualbox, #<#<Class:0x3d318f8>:0x3ccf510>]], @cap_args=[#<Vagrant::Machine: vbox1 (VagrantPlugins::ProviderVirtualBox::Provider)>], @cap_caps={:docker=>#<Vagrant::Registry:0x3d31520 @items={:public_address=>#<Proc:0x3c2fd18@D:/HashiCorp/Vagrant/embedded/gems/gems/vagrant-1.9.1/plugins/providers/docker/plugin.rb:60>, :proxy_machine=>#<Proc:0x3c2fc40@D:/HashiCorp/Vagrant/embedded/gems/gems/vagrant-1.9.1/plugins/providers/docker/plugin.rb:65>}, @results_cache={}>, :hyperv=>#<Vagrant::Registry:0x3d31490 @items={:public_address=>#<Proc:0x3c2d000@D:/HashiCorp/Vagrant/embedded/gems/gems/vagrant-1.9.1/plugins/providers/hyperv/plugin.rb:25>, :snapshot_list=>#<Proc:0x3c2cf70@D:/HashiCorp/Vagrant/embedded/gems/gems/vagrant-1.9.1/plugins/providers/hyperv/plugin.rb:30>}, @results_cache={}>, :virtualbox=>#<Vagrant::Registry:0x3d30d58 @items={:forwarded_ports=>#<Proc:0x3c1c8a8@D:/HashiCorp/Vagrant/embedded/gems/gems/vagrant-1.9.1/plugins/providers/virtualbox/plugin.rb:27>, :nic_mac_addresses=>#<Proc:0x3c1c848@D:/HashiCorp/Vagrant/embedded/gems/gems/vagrant-1.9.1/plugins/providers/virtualbox/plugin.rb:32>, :public_address=>#<Proc:0x3c1c830@D:/HashiCorp/Vagrant/embedded/gems/gems/vagrant-1.9.1/plugins/providers/virtualbox/plugin.rb:37>, :snapshot_list=>#<Proc:0x3c1c818@D:/HashiCorp/Vagrant/embedded/gems/gems/vagrant-1.9.1/plugins/providers/virtualbox/plugin.rb:42>}, @results_cache={}>}>)
 INFO interface: info: Bringing machine 'vbox1' up with 'virtualbox' provider...
Bringing machine 'vbox1' up with 'virtualbox' provider...
 INFO subprocess: Starting process: ["D:\\Program Files\\Oracle\\VirtualBox\\VBoxManage.exe", "showvminfo", "e5993435-4bf3-47fb-8059-6d26dd53c9dd", "--machinereadable"]
 INFO subprocess: Command not in installer, restoring original environment...
DEBUG subprocess: Selecting on IO
DEBUG subprocess: stdout: name="vbox1"

groups="/"

ostype="Red Hat (64-bit)"

UUID="e5993435-4bf3-47fb-8059-6d26dd53c9dd"

CfgFile="C:\\Users\\JohnnyWei\\VirtualBox VMs\\vbox1\\vbox1.vbox"

SnapFldr="C:\\Users\\JohnnyWei\\VirtualBox VMs\\vbox1\\Snapshots"

LogFldr="C:\\Users\\JohnnyWei\\VirtualBox VMs\\vbox1\\Logs"

hardwareuuid="e5993435-4bf3-47fb-8059-6d26dd53c9dd"

memory=256

pagefusion="off"

vram=16

cpuexecutioncap=100

hpet="off"

chipset="piix3"

firmware="BIOS"

cpus=1

pae="on"

longmode="on"

triplefaultreset="off"

apic="on"

x2apic="on"

cpuid-portability-level=0

bootmenu="messageandmenu"

boot1="floppy"

boot2="dvd"

boot3="disk"

boot4="none"

acpi="on"

ioapic="on"

biosapic="apic"

biossystemtimeoffset=0

rtcuseutc="on"

hwvirtex="on"

nestedpaging="on"

largepages="on"

vtxvpid="on"

vtxux="on"

paravirtprovider="default"

effparavirtprovider="kvm"

VMState="running"

VMStateChangeTime="2017-02-19T10:32:37.067000000"

monitorcount=1

accelerate3d="off"

accelerate2dvideo="off"

teleporterenabled="off"

teleporterport=0

teleporteraddress=""

teleporterpassword=""

tracing-enabled="off"

tracing-allow-vm-access="off"

tracing-config=""

autostart-enabled="off"

autostart-delay=0

defaultfrontend=""

storagecontrollername0="IDE"

storagecontrollertype0="PIIX4"

storagecontrollerinstance0="0"

storagecontrollermaxportcount0="2"

storagecontrollerportcount0="2"

storagecontrollerbootable0="on"

storagecontrollername1="SATA"

storagecontrollertype1="IntelAhci"

storagecontrollerinstance1="0"

storagecontrollermaxportcount1="30"

storagecontrollerportcount1="1"

storagecontrollerbootable1="on"

"IDE-0-0"="none"

"IDE-0-1"="none"

"IDE-1-0"="emptydrive"

"IDE-IsEjected"="off"

"IDE-1-1"="none"

"SATA-0-0"="C:\Users\JohnnyWei\VirtualBox VMs\vbox1\box-disk1.vmdk"

"SATA-ImageUUID-0-0"="e86716e4-e2a4-4d9c-b4b6-1400ca57ae10"

natnet1="nat"

macaddress1="080027662D65"

cableconnected1="off"

nic1="nat"

nictype1="82540EM"

nicspeed1="0"

mtu="0"

sockSnd="64"

sockRcv="64"

tcpWndSnd="64"

tcpWndRcv="64"

Forwarding(0)="ssh,tcp,127.0.0.1,2200,,22"

bridgeadapter2="Realtek RTL8192EU Wireless LAN 802.11n USB 2.0 Network Adapter"

macaddress2="0800279582C5"

cableconnected2="on"

nic2="bridged"

nictype2="82540EM"

nicspeed2="0"

nic3="none"

nic4="none"

nic5="none"

nic6="none"

nic7="none"

nic8="none"

hidpointing="ps2mouse"

hidkeyboard="ps2kbd"

uart1="off"

uart2="off"

uart3="off"

uart4="off"

lpt1="off"

lpt2="off"

audio="dsound"

clipboard="disabled"

draganddrop="disabled"

SessionName="headless"

VideoMode="720,400,0"@0,0 1

vrde="off"

usb="on"

ehci="off"

xhci="off"

SharedFolderNameMachineMapping1="data_wwwroot_"

SharedFolderPathMachineMapping1="\\?\E:\wwwroot"

SharedFolderNameMachineMapping2="vagrant"

SharedFolderPathMachineMapping2="\\?\E:\vagrant"

VRDEActiveConnection="off"

VRDEClients=0

vcpenabled="off"

vcpscreens=0

vcpfile="C:\Users\JohnnyWei\VirtualBox VMs\vbox1\vbox1.webm"

vcpwidth=1024

vcpheight=768

vcprate=512

vcpfps=25

GuestMemoryBalloon=0

GuestOSType="Linux26_64"

GuestAdditionsRunLevel=2

GuestAdditionsVersion="5.1.4 r110228"

GuestAdditionsFacility_VirtualBox Base Driver=50,1487500367929

GuestAdditionsFacility_VirtualBox System Service=50,1487500369691

GuestAdditionsFacility_Seamless Mode=0,1487500367929

GuestAdditionsFacility_Graphics Mode=0,1487500367929
DEBUG subprocess: Waiting for process to exit. Remaining to timeout: 32000
DEBUG subprocess: Exit status: 0
 INFO batch_action: Enabling parallelization by default.
 INFO batch_action: Disabling parallelization because provider doesn't support it: virtualbox
 INFO batch_action: Batch action will parallelize: false
 INFO batch_action: Starting action: #<Vagrant::Machine:0x3afd298> up {:destroy_on_error=>true, :install_provider=>true, :parallel=>true, :provision_ignore_sentinel=>false, :provision_types=>nil}
 INFO machine: Calling action: up on provider VirtualBox (e5993435-4bf3-47fb-8059-6d26dd53c9dd)
DEBUG environment: Attempting to acquire process-lock: machine-action-c4d2c73bc69bc1356ab71380298c7a58
DEBUG environment: Attempting to acquire process-lock: dotlock
 INFO environment: Acquired process lock: dotlock
 INFO environment: Released process lock: dotlock
 INFO environment: Acquired process lock: machine-action-c4d2c73bc69bc1356ab71380298c7a58
 INFO interface: Machine: action ["up", "start", {:target=>:vbox1}]
 INFO runner: Preparing hooks for middleware sequence...
 INFO runner: 1 hooks defined.
 INFO runner: Running action: machine_action_up #<Vagrant::Action::Builder:0x3cfdd88>
 INFO warden: Calling IN action: #<VagrantPlugins::ProviderVirtualBox::Action::CheckVirtualbox:0x3c2c478>
DEBUG base: Windows, checking for VBoxManage on PATH first
DEBUG base: Windows. Trying VBOX_INSTALL_PATH for VBoxManage
DEBUG base: VBOX_INSTALL_PATH value: D:\Program Files\Oracle\VirtualBox\
 INFO base: VBoxManage path: D:\Program Files\Oracle\VirtualBox\VBoxManage.exe
DEBUG meta: Finding driver for VirtualBox version: 5.1.14
 INFO meta: Using VirtualBox driver: VagrantPlugins::ProviderVirtualBox::Driver::Version_5_1
DEBUG base: Windows, checking for VBoxManage on PATH first
DEBUG base: Windows. Trying VBOX_INSTALL_PATH for VBoxManage
DEBUG base: VBOX_INSTALL_PATH value: D:\Program Files\Oracle\VirtualBox\
 INFO base: VBoxManage path: D:\Program Files\Oracle\VirtualBox\VBoxManage.exe
 INFO subprocess: Starting process: ["D:\\Program Files\\Oracle\\VirtualBox\\VBoxManage.exe", "list", "hostonlyifs"]
 INFO subprocess: Command not in installer, restoring original environment...
DEBUG subprocess: Selecting on IO
DEBUG subprocess: stdout: Name:            VirtualBox Host-Only Ethernet Adapter

GUID:            f5c60996-9c9d-4b2c-8e79-c7855302983d

DHCP:            Disabled

IPAddress:       192.168.56.1

NetworkMask:     255.255.255.0

IPV6Address:     fe80:0000:0000:0000:b97c:0634:0717:5cec

IPV6NetworkMaskPrefixLength: 64

HardwareAddress: 0a:00:27:00:00:0b

MediumType:      Ethernet

Status:          Up

VBoxNetworkName: HostInterfaceNetworking-VirtualBox Host-Only Ethernet Adapter



Name:            VirtualBox Host-Only Ethernet Adapter #2

GUID:            aaa6967c-29c1-407f-8b7f-c5d3856b2900

DHCP:            Disabled

IPAddress:       10.0.2.1

NetworkMask:     255.255.255.0

IPV6Address:     fe80:0000:0000:0000:b953:e883:cf67:ffcc

IPV6NetworkMaskPrefixLength: 64

HardwareAddress: 0a:00:27:00:00:06

MediumType:      Ethernet

Status:          Up

VBoxNetworkName: HostInterfaceNetworking-VirtualBox Host-Only Ethernet Adapter #2


DEBUG subprocess: Waiting for process to exit. Remaining to timeout: 32000
DEBUG subprocess: Exit status: 0
 INFO warden: Calling IN action: #<Vagrant::Action::Builtin::Call:0x3c2c460>
 INFO runner: Preparing hooks for middleware sequence...
 INFO runner: 1 hooks defined.
 INFO runner: Running action: machine_action_up #<Vagrant::Action::Builder:0x3dcd5f8>
 INFO warden: Calling IN action: #<VagrantPlugins::ProviderVirtualBox::Action::Created:0x3dbcf48>
 INFO subprocess: Starting process: ["D:\\Program Files\\Oracle\\VirtualBox\\VBoxManage.exe", "showvminfo", "e5993435-4bf3-47fb-8059-6d26dd53c9dd", "--machinereadable"]
 INFO subprocess: Command not in installer, restoring original environment...
DEBUG subprocess: Selecting on IO
DEBUG subprocess: stdout: name="vbox1"

groups="/"

ostype="Red Hat (64-bit)"

UUID="e5993435-4bf3-47fb-8059-6d26dd53c9dd"

CfgFile="C:\\Users\\JohnnyWei\\VirtualBox VMs\\vbox1\\vbox1.vbox"

SnapFldr="C:\\Users\\JohnnyWei\\VirtualBox VMs\\vbox1\\Snapshots"

LogFldr="C:\\Users\\JohnnyWei\\VirtualBox VMs\\vbox1\\Logs"

hardwareuuid="e5993435-4bf3-47fb-8059-6d26dd53c9dd"

memory=256

pagefusion="off"

vram=16

cpuexecutioncap=100

hpet="off"

chipset="piix3"

firmware="BIOS"

cpus=1

pae="on"

longmode="on"

triplefaultreset="off"

apic="on"

x2apic="on"

cpuid-portability-level=0

bootmenu="messageandmenu"

boot1="floppy"

boot2="dvd"

boot3="disk"

boot4="none"

acpi="on"

ioapic="on"

biosapic="apic"

biossystemtimeoffset=0

rtcuseutc="on"

hwvirtex="on"

nestedpaging="on"

largepages="on"

vtxvpid="on"

vtxux="on"

paravirtprovider="default"

effparavirtprovider="kvm"

VMState="running"

VMStateChangeTime="2017-02-19T10:32:37.067000000"

monitorcount=1

accelerate3d="off"

accelerate2dvideo="off"

teleporterenabled="off"

teleporterport=0

teleporteraddress=""

teleporterpassword=""

tracing-enabled="off"

tracing-allow-vm-access="off"

tracing-config=""

autostart-enabled="off"

autostart-delay=0

defaultfrontend=""

storagecontrollername0="IDE"

storagecontrollertype0="PIIX4"

storagecontrollerinstance0="0"

storagecontrollermaxportcount0="2"

storagecontrollerportcount0="2"

storagecontrollerbootable0="on"

storagecontrollername1="SATA"

storagecontrollertype1="IntelAhci"

storagecontrollerinstance1="0"

storagecontrollermaxportcount1="30"

storagecontrollerportcount1="1"

storagecontrollerbootable1="on"

"IDE-0-0"="none"

"IDE-0-1"="none"

"IDE-1-0"="emptydrive"

"IDE-IsEjected"="off"

"IDE-1-1"="none"

"SATA-0-0"="C:\Users\JohnnyWei\VirtualBox VMs\vbox1\box-disk1.vmdk"

"SATA-ImageUUID-0-0"="e86716e4-e2a4-4d9c-b4b6-1400ca57ae10"

natnet1="nat"

macaddress1="080027662D65"

cableconnected1="off"

nic1="nat"

nictype1="82540EM"

nicspeed1="0"

mtu="0"

sockSnd="64"

sockRcv="64"

tcpWndSnd="64"

tcpWndRcv="64"

Forwarding(0)="ssh,tcp,127.0.0.1,2200,,22"

bridgeadapter2="Realtek RTL8192EU Wireless LAN 802.11n USB 2.0 Network Adapter"

macaddress2="0800279582C5"

cableconnected2="on"

nic2="bridged"

nictype2="82540EM"

nicspeed2="0"

nic3="none"

nic4="none"

nic5="none"

nic6="none"

nic7="none"

nic8="none"

hidpointing="ps2mouse"

hidkeyboard="ps2kbd"

uart1="off"

uart2="off"

uart3="off"

uart4="off"

lpt1="off"

lpt2="off"

audio="dsound"

clipboard="disabled"

draganddrop="disabled"

SessionName="headless"

VideoMode="720,400,0"@0,0 1

vrde="off"

usb="on"

ehci="off"

xhci="off"

SharedFolderNameMachineMapping1="data_wwwroot_"

SharedFolderPathMachineMapping1="\\?\E:\wwwroot"

SharedFolderNameMachineMapping2="vagrant"

SharedFolderPathMachineMapping2="\\?\E:\vagrant"

VRDEActiveConnection="off"

VRDEClients=0

vcpenabled="off"

vcpscreens=0

vcpfile="C:\Users\JohnnyWei\VirtualBox VMs\vbox1\vbox1.webm"

vcpwidth=1024

vcpheight=768

vcprate=512

vcpfps=25

GuestMemoryBalloon=0

GuestOSType="Linux26_64"

GuestAdditionsRunLevel=2

GuestAdditionsVersion="5.1.4 r110228"

GuestAdditionsFacility_VirtualBox Base Driver=50,1487500367929

GuestAdditionsFacility_VirtualBox System Service=50,1487500369691

GuestAdditionsFacility_Seamless Mode=0,1487500367929

GuestAdditionsFacility_Graphics Mode=0,1487500367929
DEBUG subprocess: Waiting for process to exit. Remaining to timeout: 32000
DEBUG subprocess: Exit status: 0
 INFO warden: Calling OUT action: #<VagrantPlugins::ProviderVirtualBox::Action::Created:0x3dbcf48>
 INFO runner: Preparing hooks for middleware sequence...
 INFO runner: 1 hooks defined.
 INFO runner: Running action: machine_action_up #<Vagrant::Action::Warden:0x3bf96a0>
 INFO warden: Calling IN action: #<Proc:0x3b78a48@D:/HashiCorp/Vagrant/embedded/gems/gems/vagrant-1.9.1/lib/vagrant/action/warden.rb:94 (lambda)>
 INFO warden: Calling IN action: #<Proc:0x3bf9610@D:/HashiCorp/Vagrant/embedded/gems/gems/vagrant-1.9.1/lib/vagrant/action/warden.rb:94 (lambda)>
 INFO warden: Calling IN action: #<Vagrant::Action::Builtin::ConfigValidate:0x3c2c418>
 INFO warden: Calling IN action: #<Vagrant::Action::Builtin::Call:0x3c2c3a0>
 INFO runner: Preparing hooks for middleware sequence...
 INFO runner: 1 hooks defined.
 INFO runner: Running action: machine_action_up #<Vagrant::Action::Builder:0x3a788f0>
 INFO warden: Calling IN action: #<VagrantPlugins::ProviderVirtualBox::Action::Created:0x3a59c60>
 INFO subprocess: Starting process: ["D:\\Program Files\\Oracle\\VirtualBox\\VBoxManage.exe", "showvminfo", "e5993435-4bf3-47fb-8059-6d26dd53c9dd", "--machinereadable"]
 INFO subprocess: Command not in installer, restoring original environment...
DEBUG subprocess: Selecting on IO
DEBUG subprocess: stdout: name="vbox1"

groups="/"

ostype="Red Hat (64-bit)"

UUID="e5993435-4bf3-47fb-8059-6d26dd53c9dd"

CfgFile="C:\\Users\\JohnnyWei\\VirtualBox VMs\\vbox1\\vbox1.vbox"

SnapFldr="C:\\Users\\JohnnyWei\\VirtualBox VMs\\vbox1\\Snapshots"

LogFldr="C:\\Users\\JohnnyWei\\VirtualBox VMs\\vbox1\\Logs"

hardwareuuid="e5993435-4bf3-47fb-8059-6d26dd53c9dd"

memory=256

pagefusion="off"

vram=16

cpuexecutioncap=100

hpet="off"

chipset="piix3"

firmware="BIOS"

cpus=1

pae="on"

longmode="on"

triplefaultreset="off"

apic="on"

x2apic="on"

cpuid-portability-level=0

bootmenu="messageandmenu"

boot1="floppy"

boot2="dvd"

boot3="disk"

boot4="none"

acpi="on"

ioapic="on"

biosapic="apic"

biossystemtimeoffset=0

rtcuseutc="on"

hwvirtex="on"

nestedpaging="on"

largepages="on"

vtxvpid="on"

vtxux="on"

paravirtprovider="default"

effparavirtprovider="kvm"

VMState="running"

VMStateChangeTime="2017-02-19T10:32:37.067000000"

monitorcount=1

accelerate3d="off"

accelerate2dvideo="off"

teleporterenabled="off"

teleporterport=0

teleporteraddress=""

teleporterpassword=""

tracing-enabled="off"

tracing-allow-vm-access="off"

tracing-config=""

autostart-enabled="off"

autostart-delay=0

defaultfrontend=""

storagecontrollername0="IDE"

storagecontrollertype0="PIIX4"

storagecontrollerinstance0="0"

storagecontrollermaxportcount0="2"

storagecontrollerportcount0="2"

storagecontrollerbootable0="on"

storagecontrollername1="SATA"

storagecontrollertype1="IntelAhci"

storagecontrollerinstance1="0"

storagecontrollermaxportcount1="30"

storagecontrollerportcount1="1"

storagecontrollerbootable1="on"

"IDE-0-0"="none"

"IDE-0-1"="none"

"IDE-1-0"="emptydrive"

"IDE-IsEjected"="off"

"IDE-1-1"="none"

"SATA-0-0"="C:\Users\JohnnyWei\VirtualBox VMs\vbox1\box-disk1.vmdk"

"SATA-ImageUUID-0-0"="e86716e4-e2a4-4d9c-b4b6-1400ca57ae10"

natnet1="nat"

macaddress1="080027662D65"

cableconnected1="off"

nic1="nat"

nictype1="82540EM"

nicspeed1="0"

mtu="0"

sockSnd="64"

sockRcv="64"

tcpWndSnd="64"

tcpWndRcv="64"

Forwarding(0)="ssh,tcp,127.0.0.1,2200,,22"

bridgeadapter2="Realtek RTL8192EU Wireless LAN 802.11n USB 2.0 Network Adapter"

macaddress2="0800279582C5"

cableconnected2="on"

nic2="bridged"

nictype2="82540EM"

nicspeed2="0"

nic3="none"

nic4="none"

nic5="none"

nic6="none"

nic7="none"

nic8="none"

hidpointing="ps2mouse"

hidkeyboard="ps2kbd"

uart1="off"

uart2="off"

uart3="off"

uart4="off"

lpt1="off"

lpt2="off"

audio="dsound"

clipboard="disabled"

draganddrop="disabled"

SessionName="headless"

VideoMode="720,400,0"@0,0 1

vrde="off"

usb="on"

ehci="off"

xhci="off"

SharedFolderNameMachineMapping1="data_wwwroot_"

SharedFolderPathMachineMapping1="\\?\E:\wwwroot"

SharedFolderNameMachineMapping2="vagrant"

SharedFolderPathMachineMapping2="\\?\E:\vagrant"

VRDEActiveConnection="off"

VRDEClients=0

vcpenabled="off"

vcpscreens=0

vcpfile="C:\Users\JohnnyWei\VirtualBox VMs\vbox1\vbox1.webm"

vcpwidth=1024

vcpheight=768

vcprate=512

vcpfps=25

GuestMemoryBalloon=0

GuestOSType="Linux26_64"

GuestAdditionsRunLevel=2

GuestAdditionsVersion="5.1.4 r110228"

GuestAdditionsFacility_VirtualBox Base Driver=50,1487500367929

GuestAdditionsFacility_VirtualBox System Service=50,1487500369691

GuestAdditionsFacility_Seamless Mode=0,1487500367929

GuestAdditionsFacility_Graphics Mode=0,1487500367929
DEBUG subprocess: Waiting for process to exit. Remaining to timeout: 32000
DEBUG subprocess: Exit status: 0
 INFO warden: Calling OUT action: #<VagrantPlugins::ProviderVirtualBox::Action::Created:0x3a59c60>
 INFO runner: Preparing hooks for middleware sequence...
 INFO runner: 1 hooks defined.
 INFO runner: Running action: machine_action_up #<Vagrant::Action::Warden:0x2c70ac8>
 INFO warden: Calling IN action: #<Proc:0x288f2e8@D:/HashiCorp/Vagrant/embedded/gems/gems/vagrant-1.9.1/lib/vagrant/action/warden.rb:94 (lambda)>
 INFO warden: Calling IN action: #<Proc:0x2c703f0@D:/HashiCorp/Vagrant/embedded/gems/gems/vagrant-1.9.1/lib/vagrant/action/warden.rb:94 (lambda)>
 INFO warden: Calling IN action: #<VagrantPlugins::ProviderVirtualBox::Action::CheckVirtualbox:0x3c2c310>
DEBUG base: Windows, checking for VBoxManage on PATH first
DEBUG base: Windows. Trying VBOX_INSTALL_PATH for VBoxManage
DEBUG base: VBOX_INSTALL_PATH value: D:\Program Files\Oracle\VirtualBox\
 INFO base: VBoxManage path: D:\Program Files\Oracle\VirtualBox\VBoxManage.exe
DEBUG meta: Finding driver for VirtualBox version: 5.1.14
 INFO meta: Using VirtualBox driver: VagrantPlugins::ProviderVirtualBox::Driver::Version_5_1
DEBUG base: Windows, checking for VBoxManage on PATH first
DEBUG base: Windows. Trying VBOX_INSTALL_PATH for VBoxManage
DEBUG base: VBOX_INSTALL_PATH value: D:\Program Files\Oracle\VirtualBox\
 INFO base: VBoxManage path: D:\Program Files\Oracle\VirtualBox\VBoxManage.exe
 INFO subprocess: Starting process: ["D:\\Program Files\\Oracle\\VirtualBox\\VBoxManage.exe", "list", "hostonlyifs"]
 INFO subprocess: Command not in installer, restoring original environment...
DEBUG subprocess: Selecting on IO
DEBUG subprocess: stdout: Name:            VirtualBox Host-Only Ethernet Adapter

GUID:            f5c60996-9c9d-4b2c-8e79-c7855302983d

DHCP:            Disabled

IPAddress:       192.168.56.1

NetworkMask:     255.255.255.0

IPV6Address:     fe80:0000:0000:0000:b97c:0634:0717:5cec

IPV6NetworkMaskPrefixLength: 64

HardwareAddress: 0a:00:27:00:00:0b

MediumType:      Ethernet

Status:          Up

VBoxNetworkName: HostInterfaceNetworking-VirtualBox Host-Only Ethernet Adapter



Name:            VirtualBox Host-Only Ethernet Adapter #2

GUID:            aaa6967c-29c1-407f-8b7f-c5d3856b2900

DHCP:            Disabled

IPAddress:       10.0.2.1

NetworkMask:     255.255.255.0

IPV6Address:     fe80:0000:0000:0000:b953:e883:cf67:ffcc

IPV6NetworkMaskPrefixLength: 64

HardwareAddress: 0a:00:27:00:00:06

MediumType:      Ethernet

Status:          Up

VBoxNetworkName: HostInterfaceNetworking-VirtualBox Host-Only Ethernet Adapter #2


DEBUG subprocess: Waiting for process to exit. Remaining to timeout: 32000
DEBUG subprocess: Exit status: 0
 INFO warden: Calling IN action: #<Vagrant::Action::Builtin::ConfigValidate:0x3c2c2f8>
 INFO warden: Calling IN action: #<Vagrant::Action::Builtin::BoxCheckOutdated:0x3c2c298>
 INFO warden: Calling IN action: #<Vagrant::Action::Builtin::Call:0x3b99ac0>
 INFO runner: Preparing hooks for middleware sequence...
 INFO runner: 1 hooks defined.
 INFO runner: Running action: machine_action_up #<Vagrant::Action::Builder:0x3015b70>
 INFO warden: Calling IN action: #<VagrantPlugins::ProviderVirtualBox::Action::IsRunning:0x2ffe128>
 INFO subprocess: Starting process: ["D:\\Program Files\\Oracle\\VirtualBox\\VBoxManage.exe", "showvminfo", "e5993435-4bf3-47fb-8059-6d26dd53c9dd", "--machinereadable"]
 INFO subprocess: Command not in installer, restoring original environment...
DEBUG subprocess: Selecting on IO
DEBUG subprocess: stdout: name="vbox1"

groups="/"

ostype="Red Hat (64-bit)"

UUID="e5993435-4bf3-47fb-8059-6d26dd53c9dd"

CfgFile="C:\\Users\\JohnnyWei\\VirtualBox VMs\\vbox1\\vbox1.vbox"

SnapFldr="C:\\Users\\JohnnyWei\\VirtualBox VMs\\vbox1\\Snapshots"

LogFldr="C:\\Users\\JohnnyWei\\VirtualBox VMs\\vbox1\\Logs"

hardwareuuid="e5993435-4bf3-47fb-8059-6d26dd53c9dd"

memory=256

pagefusion="off"

vram=16

cpuexecutioncap=100

hpet="off"

chipset="piix3"

firmware="BIOS"

cpus=1

pae="on"

longmode="on"

triplefaultreset="off"

apic="on"

x2apic="on"

cpuid-portability-level=0

bootmenu="messageandmenu"

boot1="floppy"

boot2="dvd"

boot3="disk"

boot4="none"

acpi="on"

ioapic="on"

biosapic="apic"

biossystemtimeoffset=0

rtcuseutc="on"

hwvirtex="on"

nestedpaging="on"

largepages="on"

vtxvpid="on"

vtxux="on"

paravirtprovider="default"

effparavirtprovider="kvm"

VMState="running"

VMStateChangeTime="2017-02-19T10:32:37.067000000"

monitorcount=1

accelerate3d="off"

accelerate2dvideo="off"

teleporterenabled="off"

teleporterport=0

teleporteraddress=""

teleporterpassword=""

tracing-enabled="off"

tracing-allow-vm-access="off"

tracing-config=""

autostart-enabled="off"

autostart-delay=0

defaultfrontend=""

storagecontrollername0="IDE"

storagecontrollertype0="PIIX4"

storagecontrollerinstance0="0"

storagecontrollermaxportcount0="2"

storagecontrollerportcount0="2"

storagecontrollerbootable0="on"

storagecontrollername1="SATA"

storagecontrollertype1="IntelAhci"

storagecontrollerinstance1="0"

storagecontrollermaxportcount1="30"

storagecontrollerportcount1="1"

storagecontrollerbootable1="on"

"IDE-0-0"="none"

"IDE-0-1"="none"

"IDE-1-0"="emptydrive"

"IDE-IsEjected"="off"

"IDE-1-1"="none"

"SATA-0-0"="C:\Users\JohnnyWei\VirtualBox VMs\vbox1\box-disk1.vmdk"

"SATA-ImageUUID-0-0"="e86716e4-e2a4-4d9c-b4b6-1400ca57ae10"

natnet1="nat"

macaddress1="080027662D65"

cableconnected1="off"

nic1="nat"

nictype1="82540EM"

nicspeed1="0"

mtu="0"

sockSnd="64"

sockRcv="64"

tcpWndSnd="64"

tcpWndRcv="64"

Forwarding(0)="ssh,tcp,127.0.0.1,2200,,22"

bridgeadapter2="Realtek RTL8192EU Wireless LAN 802.11n USB 2.0 Network Adapter"

macaddress2="0800279582C5"

cableconnected2="on"

nic2="bridged"

nictype2="82540EM"

nicspeed2="0"

nic3="none"

nic4="none"

nic5="none"

nic6="none"

nic7="none"

nic8="none"

hidpointing="ps2mouse"

hidkeyboard="ps2kbd"

uart1="off"

uart2="off"

uart3="off"

uart4="off"

lpt1="off"

lpt2="off"

audio="dsound"

clipboard="disabled"

draganddrop="disabled"

SessionName="headless"

VideoMode="720,400,0"@0,0 1

vrde="off"

usb="on"

ehci="off"

xhci="off"

SharedFolderNameMachineMapping1="data_wwwroot_"

SharedFolderPathMachineMapping1="\\?\E:\wwwroot"

SharedFolderNameMachineMapping2="vagrant"

SharedFolderPathMachineMapping2="\\?\E:\vagrant"

VRDEActiveConnection="off"

VRDEClients=0

vcpenabled="off"

vcpscreens=0

vcpfile="C:\Users\JohnnyWei\VirtualBox VMs\vbox1\vbox1.webm"

vcpwidth=1024

vcpheight=768

vcprate=512

vcpfps=25

GuestMemoryBalloon=0

GuestOSType="Linux26_64"

GuestAdditionsRunLevel=2

GuestAdditionsVersion="5.1.4 r110228"

GuestAdditionsFacility_VirtualBox Base Driver=50,1487500367929

GuestAdditionsFacility_VirtualBox System Service=50,1487500369691

GuestAdditionsFacility_Seamless Mode=0,1487500367929

GuestAdditionsFacility_Graphics Mode=0,1487500367929
DEBUG subprocess: Waiting for process to exit. Remaining to timeout: 32000
DEBUG subprocess: Exit status: 0
 INFO warden: Calling OUT action: #<VagrantPlugins::ProviderVirtualBox::Action::IsRunning:0x2ffe128>
 INFO runner: Preparing hooks for middleware sequence...
 INFO runner: 1 hooks defined.
 INFO runner: Running action: machine_action_up #<Vagrant::Action::Warden:0x28d5230>
 INFO warden: Calling IN action: #<Proc:0x270ece8@D:/HashiCorp/Vagrant/embedded/gems/gems/vagrant-1.9.1/lib/vagrant/action/warden.rb:94 (lambda)>
 INFO warden: Calling IN action: #<VagrantPlugins::ProviderVirtualBox::Action::CheckVirtualbox:0x28d5140>
DEBUG base: Windows, checking for VBoxManage on PATH first
DEBUG base: Windows. Trying VBOX_INSTALL_PATH for VBoxManage
DEBUG base: VBOX_INSTALL_PATH value: D:\Program Files\Oracle\VirtualBox\
 INFO base: VBoxManage path: D:\Program Files\Oracle\VirtualBox\VBoxManage.exe
DEBUG meta: Finding driver for VirtualBox version: 5.1.14
 INFO meta: Using VirtualBox driver: VagrantPlugins::ProviderVirtualBox::Driver::Version_5_1
DEBUG base: Windows, checking for VBoxManage on PATH first
DEBUG base: Windows. Trying VBOX_INSTALL_PATH for VBoxManage
DEBUG base: VBOX_INSTALL_PATH value: D:\Program Files\Oracle\VirtualBox\
 INFO base: VBoxManage path: D:\Program Files\Oracle\VirtualBox\VBoxManage.exe
 INFO subprocess: Starting process: ["D:\\Program Files\\Oracle\\VirtualBox\\VBoxManage.exe", "list", "hostonlyifs"]
 INFO subprocess: Command not in installer, restoring original environment...
DEBUG subprocess: Selecting on IO
DEBUG subprocess: stdout: Name:            VirtualBox Host-Only Ethernet Adapter

GUID:            f5c60996-9c9d-4b2c-8e79-c7855302983d

DHCP:            Disabled

IPAddress:       192.168.56.1

NetworkMask:     255.255.255.0

IPV6Address:     fe80:0000:0000:0000:b97c:0634:0717:5cec

IPV6NetworkMaskPrefixLength: 64

HardwareAddress: 0a:00:27:00:00:0b

MediumType:      Ethernet

Status:          Up

VBoxNetworkName: HostInterfaceNetworking-VirtualBox Host-Only Ethernet Adapter



Name:            VirtualBox Host-Only Ethernet Adapter #2

GUID:            aaa6967c-29c1-407f-8b7f-c5d3856b2900

DHCP:            Disabled

IPAddress:       10.0.2.1

NetworkMask:     255.255.255.0

IPV6Address:     fe80:0000:0000:0000:b953:e883:cf67:ffcc

IPV6NetworkMaskPrefixLength: 64

HardwareAddress: 0a:00:27:00:00:06

MediumType:      Ethernet

Status:          Up

VBoxNetworkName: HostInterfaceNetworking-VirtualBox Host-Only Ethernet Adapter #2


DEBUG subprocess: Waiting for process to exit. Remaining to timeout: 32000
DEBUG subprocess: Exit status: 0
 INFO warden: Calling IN action: #<Vagrant::Action::Builtin::ConfigValidate:0x28d5128>
 INFO warden: Calling IN action: #<Vagrant::Action::Builtin::Call:0x28d5110>
 INFO runner: Preparing hooks for middleware sequence...
 INFO runner: 1 hooks defined.
 INFO runner: Running action: machine_action_up #<Vagrant::Action::Builder:0x2f3c5b0>
 INFO warden: Calling IN action: #<VagrantPlugins::ProviderVirtualBox::Action::Created:0x2f34120>
 INFO subprocess: Starting process: ["D:\\Program Files\\Oracle\\VirtualBox\\VBoxManage.exe", "showvminfo", "e5993435-4bf3-47fb-8059-6d26dd53c9dd", "--machinereadable"]
 INFO subprocess: Command not in installer, restoring original environment...
DEBUG subprocess: Selecting on IO
DEBUG subprocess: stdout: name="vbox1"

groups="/"

ostype="Red Hat (64-bit)"

UUID="e5993435-4bf3-47fb-8059-6d26dd53c9dd"

CfgFile="C:\\Users\\JohnnyWei\\VirtualBox VMs\\vbox1\\vbox1.vbox"

SnapFldr="C:\\Users\\JohnnyWei\\VirtualBox VMs\\vbox1\\Snapshots"

LogFldr="C:\\Users\\JohnnyWei\\VirtualBox VMs\\vbox1\\Logs"

hardwareuuid="e5993435-4bf3-47fb-8059-6d26dd53c9dd"

memory=256

pagefusion="off"

vram=16

cpuexecutioncap=100

hpet="off"

chipset="piix3"

firmware="BIOS"

cpus=1

pae="on"

longmode="on"

triplefaultreset="off"

apic="on"

x2apic="on"

cpuid-portability-level=0

bootmenu="messageandmenu"

boot1="floppy"

boot2="dvd"

boot3="disk"

boot4="none"

acpi="on"

ioapic="on"

biosapic="apic"

biossystemtimeoffset=0

rtcuseutc="on"

hwvirtex="on"

nestedpaging="on"

largepages="on"

vtxvpid="on"

vtxux="on"

paravirtprovider="default"

effparavirtprovider="kvm"

VMState="running"

VMStateChangeTime="2017-02-19T10:32:37.067000000"

monitorcount=1

accelerate3d="off"

accelerate2dvideo="off"

teleporterenabled="off"

teleporterport=0

teleporteraddress=""

teleporterpassword=""

tracing-enabled="off"

tracing-allow-vm-access="off"

tracing-config=""

autostart-enabled="off"

autostart-delay=0

defaultfrontend=""

storagecontrollername0="IDE"

storagecontrollertype0="PIIX4"

storagecontrollerinstance0="0"

storagecontrollermaxportcount0="2"

storagecontrollerportcount0="2"

storagecontrollerbootable0="on"

storagecontrollername1="SATA"

storagecontrollertype1="IntelAhci"

storagecontrollerinstance1="0"

storagecontrollermaxportcount1="30"

storagecontrollerportcount1="1"

storagecontrollerbootable1="on"

"IDE-0-0"="none"

"IDE-0-1"="none"

"IDE-1-0"="emptydrive"

"IDE-IsEjected"="off"

"IDE-1-1"="none"

"SATA-0-0"="C:\Users\JohnnyWei\VirtualBox VMs\vbox1\box-disk1.vmdk"

"SATA-ImageUUID-0-0"="e86716e4-e2a4-4d9c-b4b6-1400ca57ae10"

natnet1="nat"

macaddress1="080027662D65"

cableconnected1="off"

nic1="nat"

nictype1="82540EM"

nicspeed1="0"

mtu="0"

sockSnd="64"

sockRcv="64"

tcpWndSnd="64"

tcpWndRcv="64"

Forwarding(0)="ssh,tcp,127.0.0.1,2200,,22"

bridgeadapter2="Realtek RTL8192EU Wireless LAN 802.11n USB 2.0 Network Adapter"

macaddress2="0800279582C5"

cableconnected2="on"

nic2="bridged"

nictype2="82540EM"

nicspeed2="0"

nic3="none"

nic4="none"

nic5="none"

nic6="none"

nic7="none"

nic8="none"

hidpointing="ps2mouse"

hidkeyboard="ps2kbd"

uart1="off"

uart2="off"

uart3="off"

uart4="off"

lpt1="off"

lpt2="off"

audio="dsound"

clipboard="disabled"

draganddrop="disabled"

SessionName="headless"

VideoMode="720,400,0"@0,0 1

vrde="off"

usb="on"

ehci="off"

xhci="off"

SharedFolderNameMachineMapping1="data_wwwroot_"

SharedFolderPathMachineMapping1="\\?\E:\wwwroot"

SharedFolderNameMachineMapping2="vagrant"

SharedFolderPathMachineMapping2="\\?\E:\vagrant"

VRDEActiveConnection="off"

VRDEClients=0

vcpenabled="off"

vcpscreens=0

vcpfile="C:\Users\JohnnyWei\VirtualBox VMs\vbox1\vbox1.webm"

vcpwidth=1024

vcpheight=768

vcprate=512

vcpfps=25

GuestMemoryBalloon=0

GuestOSType="Linux26_64"

GuestAdditionsRunLevel=2

GuestAdditionsVersion="5.1.4 r110228"

GuestAdditionsFacility_VirtualBox Base Driver=50,1487500367929

GuestAdditionsFacility_VirtualBox System Service=50,1487500369691

GuestAdditionsFacility_Seamless Mode=0,1487500367929

GuestAdditionsFacility_Graphics Mode=0,1487500367929
DEBUG subprocess: Waiting for process to exit. Remaining to timeout: 32000
DEBUG subprocess: Exit status: 0
 INFO warden: Calling OUT action: #<VagrantPlugins::ProviderVirtualBox::Action::Created:0x2f34120>
 INFO runner: Preparing hooks for middleware sequence...
 INFO runner: 1 hooks defined.
 INFO runner: Running action: machine_action_up #<Vagrant::Action::Warden:0x2716140>
 INFO warden: Calling IN action: #<Proc:0x3d6b0c0@D:/HashiCorp/Vagrant/embedded/gems/gems/vagrant-1.9.1/lib/vagrant/action/warden.rb:94 (lambda)>
 INFO warden: Calling IN action: #<Vagrant::Action::Builtin::Call:0x27160f8>
 INFO runner: Preparing hooks for middleware sequence...
 INFO runner: 1 hooks defined.
 INFO runner: Running action: machine_action_up #<Vagrant::Action::Builder:0x3c624f0>
 INFO warden: Calling IN action: #<VagrantPlugins::ProviderVirtualBox::Action::IsRunning:0x3c535f8>
 INFO subprocess: Starting process: ["D:\\Program Files\\Oracle\\VirtualBox\\VBoxManage.exe", "showvminfo", "e5993435-4bf3-47fb-8059-6d26dd53c9dd", "--machinereadable"]
 INFO subprocess: Command not in installer, restoring original environment...
DEBUG subprocess: Selecting on IO
DEBUG subprocess: stdout: name="vbox1"

groups="/"

ostype="Red Hat (64-bit)"

UUID="e5993435-4bf3-47fb-8059-6d26dd53c9dd"

CfgFile="C:\\Users\\JohnnyWei\\VirtualBox VMs\\vbox1\\vbox1.vbox"

SnapFldr="C:\\Users\\JohnnyWei\\VirtualBox VMs\\vbox1\\Snapshots"

LogFldr="C:\\Users\\JohnnyWei\\VirtualBox VMs\\vbox1\\Logs"

hardwareuuid="e5993435-4bf3-47fb-8059-6d26dd53c9dd"

memory=256

pagefusion="off"

vram=16

cpuexecutioncap=100

hpet="off"

chipset="piix3"

firmware="BIOS"

cpus=1

pae="on"

longmode="on"

triplefaultreset="off"

apic="on"

x2apic="on"

cpuid-portability-level=0

bootmenu="messageandmenu"

boot1="floppy"

boot2="dvd"

boot3="disk"

boot4="none"

acpi="on"

ioapic="on"

biosapic="apic"

biossystemtimeoffset=0

rtcuseutc="on"

hwvirtex="on"

nestedpaging="on"

largepages="on"

vtxvpid="on"

vtxux="on"

paravirtprovider="default"

effparavirtprovider="kvm"

VMState="running"

VMStateChangeTime="2017-02-19T10:32:37.067000000"

monitorcount=1

accelerate3d="off"

accelerate2dvideo="off"

teleporterenabled="off"

teleporterport=0

teleporteraddress=""

teleporterpassword=""

tracing-enabled="off"

tracing-allow-vm-access="off"

tracing-config=""

autostart-enabled="off"

autostart-delay=0

defaultfrontend=""

storagecontrollername0="IDE"

storagecontrollertype0="PIIX4"

storagecontrollerinstance0="0"

storagecontrollermaxportcount0="2"

storagecontrollerportcount0="2"

storagecontrollerbootable0="on"

storagecontrollername1="SATA"

storagecontrollertype1="IntelAhci"

storagecontrollerinstance1="0"

storagecontrollermaxportcount1="30"

storagecontrollerportcount1="1"

storagecontrollerbootable1="on"

"IDE-0-0"="none"

"IDE-0-1"="none"

"IDE-1-0"="emptydrive"

"IDE-IsEjected"="off"

"IDE-1-1"="none"

"SATA-0-0"="C:\Users\JohnnyWei\VirtualBox VMs\vbox1\box-disk1.vmdk"

"SATA-ImageUUID-0-0"="e86716e4-e2a4-4d9c-b4b6-1400ca57ae10"

natnet1="nat"

macaddress1="080027662D65"

cableconnected1="off"

nic1="nat"

nictype1="82540EM"

nicspeed1="0"

mtu="0"

sockSnd="64"

sockRcv="64"

tcpWndSnd="64"

tcpWndRcv="64"

Forwarding(0)="ssh,tcp,127.0.0.1,2200,,22"

bridgeadapter2="Realtek RTL8192EU Wireless LAN 802.11n USB 2.0 Network Adapter"

macaddress2="0800279582C5"

cableconnected2="on"

nic2="bridged"

nictype2="82540EM"

nicspeed2="0"

nic3="none"

nic4="none"

nic5="none"

nic6="none"

nic7="none"

nic8="none"

hidpointing="ps2mouse"

hidkeyboard="ps2kbd"

uart1="off"

uart2="off"

uart3="off"

uart4="off"

lpt1="off"

lpt2="off"

audio="dsound"

clipboard="disabled"

draganddrop="disabled"

SessionName="headless"

VideoMode="720,400,0"@0,0 1

vrde="off"

usb="on"

ehci="off"

xhci="off"

SharedFolderNameMachineMapping1="data_wwwroot_"

SharedFolderPathMachineMapping1="\\?\E:\wwwroot"

SharedFolderNameMachineMapping2="vagrant"

SharedFolderPathMachineMapping2="\\?\E:\vagrant"

VRDEActiveConnection="off"

VRDEClients=0

vcpenabled="off"

vcpscreens=0

vcpfile="C:\Users\JohnnyWei\VirtualBox VMs\vbox1\vbox1.webm"

vcpwidth=1024

vcpheight=768

vcprate=512

vcpfps=25

GuestMemoryBalloon=0

GuestOSType="Linux26_64"

GuestAdditionsRunLevel=2

GuestAdditionsVersion="5.1.4 r110228"

GuestAdditionsFacility_VirtualBox Base Driver=50,1487500367929

GuestAdditionsFacility_VirtualBox System Service=50,1487500369691

GuestAdditionsFacility_Seamless Mode=0,1487500367929

GuestAdditionsFacility_Graphics Mode=0,1487500367929
DEBUG subprocess: Waiting for process to exit. Remaining to timeout: 32000
DEBUG subprocess: Exit status: 0
 INFO warden: Calling OUT action: #<VagrantPlugins::ProviderVirtualBox::Action::IsRunning:0x3c535f8>
 INFO runner: Preparing hooks for middleware sequence...
 INFO runner: 1 hooks defined.
 INFO runner: Running action: machine_action_up #<Vagrant::Action::Warden:0x3a524a8>
 INFO warden: Calling IN action: #<Proc:0x2ec9a58@D:/HashiCorp/Vagrant/embedded/gems/gems/vagrant-1.9.1/lib/vagrant/action/warden.rb:94 (lambda)>
 INFO warden: Calling IN action: #<VagrantPlugins::ProviderVirtualBox::Action::CheckAccessible:0x3a52430>
 INFO subprocess: Starting process: ["D:\\Program Files\\Oracle\\VirtualBox\\VBoxManage.exe", "showvminfo", "e5993435-4bf3-47fb-8059-6d26dd53c9dd", "--machinereadable"]
 INFO subprocess: Command not in installer, restoring original environment...
DEBUG subprocess: Selecting on IO
DEBUG subprocess: stdout: name="vbox1"

groups="/"

ostype="Red Hat (64-bit)"

UUID="e5993435-4bf3-47fb-8059-6d26dd53c9dd"

CfgFile="C:\\Users\\JohnnyWei\\VirtualBox VMs\\vbox1\\vbox1.vbox"

SnapFldr="C:\\Users\\JohnnyWei\\VirtualBox VMs\\vbox1\\Snapshots"

LogFldr="C:\\Users\\JohnnyWei\\VirtualBox VMs\\vbox1\\Logs"

hardwareuuid="e5993435-4bf3-47fb-8059-6d26dd53c9dd"

memory=256

pagefusion="off"

vram=16

cpuexecutioncap=100

hpet="off"

chipset="piix3"

firmware="BIOS"

cpus=1

pae="on"

longmode="on"

triplefaultreset="off"

apic="on"

x2apic="on"

cpuid-portability-level=0

bootmenu="messageandmenu"

boot1="floppy"

boot2="dvd"

boot3="disk"

boot4="none"

acpi="on"

ioapic="on"

biosapic="apic"

biossystemtimeoffset=0

rtcuseutc="on"

hwvirtex="on"

nestedpaging="on"

largepages="on"

vtxvpid="on"

vtxux="on"

paravirtprovider="default"

effparavirtprovider="kvm"

VMState="running"

VMStateChangeTime="2017-02-19T10:32:37.067000000"

monitorcount=1

accelerate3d="off"

accelerate2dvideo="off"

teleporterenabled="off"

teleporterport=0

teleporteraddress=""

teleporterpassword=""

tracing-enabled="off"

tracing-allow-vm-access="off"

tracing-config=""

autostart-enabled="off"

autostart-delay=0

defaultfrontend=""

storagecontrollername0="IDE"

storagecontrollertype0="PIIX4"

storagecontrollerinstance0="0"

storagecontrollermaxportcount0="2"

storagecontrollerportcount0="2"

storagecontrollerbootable0="on"

storagecontrollername1="SATA"

storagecontrollertype1="IntelAhci"

storagecontrollerinstance1="0"

storagecontrollermaxportcount1="30"

storagecontrollerportcount1="1"

storagecontrollerbootable1="on"

"IDE-0-0"="none"

"IDE-0-1"="none"

"IDE-1-0"="emptydrive"

"IDE-IsEjected"="off"

"IDE-1-1"="none"

"SATA-0-0"="C:\Users\JohnnyWei\VirtualBox VMs\vbox1\box-disk1.vmdk"

"SATA-ImageUUID-0-0"="e86716e4-e2a4-4d9c-b4b6-1400ca57ae10"

natnet1="nat"

macaddress1="080027662D65"

cableconnected1="off"

nic1="nat"

nictype1="82540EM"

nicspeed1="0"

mtu="0"

sockSnd="64"

sockRcv="64"

tcpWndSnd="64"

tcpWndRcv="64"

Forwarding(0)="ssh,tcp,127.0.0.1,2200,,22"

bridgeadapter2="Realtek RTL8192EU Wireless LAN 802.11n USB 2.0 Network Adapter"

macaddress2="0800279582C5"

cableconnected2="on"

nic2="bridged"

nictype2="82540EM"

nicspeed2="0"

nic3="none"

nic4="none"

nic5="none"

nic6="none"

nic7="none"

nic8="none"

hidpointing="ps2mouse"

hidkeyboard="ps2kbd"

uart1="off"

uart2="off"

uart3="off"

uart4="off"

lpt1="off"

lpt2="off"

audio="dsound"

clipboard="disabled"

draganddrop="disabled"

SessionName="headless"

VideoMode="720,400,0"@0,0 1

vrde="off"

usb="on"

ehci="off"

xhci="off"

SharedFolderNameMachineMapping1="data_wwwroot_"

SharedFolderPathMachineMapping1="\\?\E:\wwwroot"

SharedFolderNameMachineMapping2="vagrant"

SharedFolderPathMachineMapping2="\\?\E:\vagrant"

VRDEActiveConnection="off"

VRDEClients=0

vcpenabled="off"

vcpscreens=0

vcpfile="C:\Users\JohnnyWei\VirtualBox VMs\vbox1\vbox1.webm"

vcpwidth=1024

vcpheight=768

vcprate=512

vcpfps=25

GuestMemoryBalloon=0

GuestOSType="Linux26_64"

GuestAdditionsRunLevel=2

GuestAdditionsVersion="5.1.4 r110228"

GuestAdditionsFacility_VirtualBox Base Driver=50,1487500367929

GuestAdditionsFacility_VirtualBox System Service=50,1487500369691

GuestAdditionsFacility_Seamless Mode=0,1487500367929

GuestAdditionsFacility_Graphics Mode=0,1487500367929
DEBUG subprocess: Waiting for process to exit. Remaining to timeout: 32000
DEBUG subprocess: Exit status: 0
 INFO warden: Calling IN action: #<Vagrant::Action::Builtin::Provision:0x3a52418>
 INFO provision: Checking provisioner sentinel file...
 INFO provision: Sentinel found! Not provisioning.
 INFO warden: Calling IN action: #<Proc:0x2f57bb0@D:/HashiCorp/Vagrant/embedded/gems/gems/vagrant-1.9.1/lib/vagrant/action/warden.rb:94 (lambda)>
 INFO warden: Calling IN action: #<Proc:0x2716050@D:/HashiCorp/Vagrant/embedded/gems/gems/vagrant-1.9.1/lib/vagrant/action/warden.rb:94 (lambda)>
 INFO warden: Calling IN action: #<Proc:0x28d5050@D:/HashiCorp/Vagrant/embedded/gems/gems/vagrant-1.9.1/lib/vagrant/action/warden.rb:94 (lambda)>
 INFO warden: Calling OUT action: #<Proc:0x28d5050@D:/HashiCorp/Vagrant/embedded/gems/gems/vagrant-1.9.1/lib/vagrant/action/warden.rb:94 (lambda)>
 INFO warden: Calling OUT action: #<Proc:0x2716050@D:/HashiCorp/Vagrant/embedded/gems/gems/vagrant-1.9.1/lib/vagrant/action/warden.rb:94 (lambda)>
 INFO warden: Calling OUT action: #<Proc:0x2f57bb0@D:/HashiCorp/Vagrant/embedded/gems/gems/vagrant-1.9.1/lib/vagrant/action/warden.rb:94 (lambda)>
 INFO interface: info: Machine already provisioned. Run `vagrant provision` or use the `--provision`
flag to force provisioning. Provisioners marked to run always will still run.
 INFO interface: info: ==> vbox1: Machine already provisioned. Run `vagrant provision` or use the `--provision`
==> vbox1: flag to force provisioning. Provisioners marked to run always will still run.
==> vbox1: Machine already provisioned. Run `vagrant provision` or use the `--provision`
==> vbox1: flag to force provisioning. Provisioners marked to run always will still run.
 INFO warden: Calling OUT action: #<Vagrant::Action::Builtin::Provision:0x3a52418>
 INFO warden: Calling OUT action: #<VagrantPlugins::ProviderVirtualBox::Action::CheckAccessible:0x3a52430>
 INFO warden: Calling OUT action: #<Proc:0x2ec9a58@D:/HashiCorp/Vagrant/embedded/gems/gems/vagrant-1.9.1/lib/vagrant/action/warden.rb:94 (lambda)>
 INFO warden: Calling OUT action: #<Vagrant::Action::Builtin::Call:0x27160f8>
 INFO warden: Calling OUT action: #<Proc:0x3d6b0c0@D:/HashiCorp/Vagrant/embedded/gems/gems/vagrant-1.9.1/lib/vagrant/action/warden.rb:94 (lambda)>
 INFO warden: Calling OUT action: #<Vagrant::Action::Builtin::Call:0x28d5110>
 INFO warden: Calling OUT action: #<Vagrant::Action::Builtin::ConfigValidate:0x28d5128>
 INFO warden: Calling OUT action: #<VagrantPlugins::ProviderVirtualBox::Action::CheckVirtualbox:0x28d5140>
 INFO warden: Calling OUT action: #<Proc:0x270ece8@D:/HashiCorp/Vagrant/embedded/gems/gems/vagrant-1.9.1/lib/vagrant/action/warden.rb:94 (lambda)>
 INFO warden: Calling OUT action: #<Vagrant::Action::Builtin::Call:0x3b99ac0>
 INFO warden: Calling OUT action: #<Vagrant::Action::Builtin::BoxCheckOutdated:0x3c2c298>
 INFO warden: Calling OUT action: #<Vagrant::Action::Builtin::ConfigValidate:0x3c2c2f8>
 INFO warden: Calling OUT action: #<VagrantPlugins::ProviderVirtualBox::Action::CheckVirtualbox:0x3c2c310>
 INFO warden: Calling OUT action: #<Proc:0x2c703f0@D:/HashiCorp/Vagrant/embedded/gems/gems/vagrant-1.9.1/lib/vagrant/action/warden.rb:94 (lambda)>
 INFO warden: Calling OUT action: #<Proc:0x288f2e8@D:/HashiCorp/Vagrant/embedded/gems/gems/vagrant-1.9.1/lib/vagrant/action/warden.rb:94 (lambda)>
 INFO warden: Calling OUT action: #<Vagrant::Action::Builtin::Call:0x3c2c3a0>
 INFO warden: Calling OUT action: #<Vagrant::Action::Builtin::ConfigValidate:0x3c2c418>
 INFO warden: Calling OUT action: #<Proc:0x3bf9610@D:/HashiCorp/Vagrant/embedded/gems/gems/vagrant-1.9.1/lib/vagrant/action/warden.rb:94 (lambda)>
 INFO warden: Calling OUT action: #<Proc:0x3b78a48@D:/HashiCorp/Vagrant/embedded/gems/gems/vagrant-1.9.1/lib/vagrant/action/warden.rb:94 (lambda)>
 INFO warden: Calling OUT action: #<Vagrant::Action::Builtin::Call:0x3c2c460>
 INFO warden: Calling OUT action: #<VagrantPlugins::ProviderVirtualBox::Action::CheckVirtualbox:0x3c2c478>
 INFO interface: Machine: action ["up", "end", {:target=>:vbox1}]
 INFO environment: Released process lock: machine-action-c4d2c73bc69bc1356ab71380298c7a58
DEBUG environment: Attempting to acquire process-lock: dotlock
 INFO environment: Acquired process lock: dotlock
 INFO environment: Released process lock: dotlock
 INFO environment: Running hook: environment_unload
 INFO runner: Preparing hooks for middleware sequence...
 INFO runner: 1 hooks defined.
 INFO runner: Running action: environment_unload #<Vagrant::Action::Builder:0x3d6b990>
